Using pre-set license
Built from '2021.1/staging' branch; Version is '2021.1.17f1 (03b40fe07a36) revision 242703'; Using compiler version '192528614'; Build Type 'Release'
OS: 'Windows 10 Enterprise; OS build 19044.1706; Version 2009; 64bit' Language: 'en' Physical Memory: 32512 MB
BatchMode: 1, IsHumanControllingUs: 0, StartBugReporterOnCrash: 0, Is64bit: 1, IsPro: 0

 COMMAND LINE ARGUMENTS:
C:\Program Files\Unity 2021.1.17f1\Editor\Unity.exe
-adb2
-batchMode
-noUpm
-name
AssetImportWorker0
-projectPath
C:/Users/w016525k/Documents/GitHub/GameJamTeam14/Project/GamesJamMay
-logFile
Logs/AssetImportWorker0.log
-srvPort
58403
Successfully changed project path to: C:/Users/w016525k/Documents/GitHub/GameJamTeam14/Project/GamesJamMay
C:/Users/w016525k/Documents/GitHub/GameJamTeam14/Project/GamesJamMay
Using Asset Import Pipeline V2.
Refreshing native plugins compatible for Editor in 70.44 ms, found 3 plugins.
Preloading 0 native plugins for Editor in 0.00 ms.
Initialize engine version: 2021.1.17f1 (03b40fe07a36)
[Subsystems] Discovering subsystems at path C:/Program Files/Unity 2021.1.17f1/Editor/Data/Resources/UnitySubsystems
[Subsystems] Discovering subsystems at path C:/Users/w016525k/Documents/GitHub/GameJamTeam14/Project/GamesJamMay/Assets
GfxDevice: creating device client; threaded=0; jobified=0
Direct3D:
    Version:  Direct3D 11.0 [level 11.1]
    Renderer: NVIDIA GeForce RTX 3080 (ID=0x2206)
    Vendor:   NVIDIA
    VRAM:     10078 MB
    Driver:   30.0.15.1165
Initialize mono
Mono path[0] = 'C:/Program Files/Unity 2021.1.17f1/Editor/Data/Managed'
Mono path[1] = 'C:/Program Files/Unity 2021.1.17f1/Editor/Data/MonoBleedingEdge/lib/mono/unityjit'
Mono config path = 'C:/Program Files/Unity 2021.1.17f1/Editor/Data/MonoBleedingEdge/etc'
Using monoOptions --debugger-agent=transport=dt_socket,embedding=1,server=y,suspend=n,address=127.0.0.1:56136
Begin MonoManager ReloadAssembly
Registering precompiled unity dll's ...
Register platform support module: C:/Program Files/Unity 2021.1.17f1/Editor/Data/PlaybackEngines/WebGLSupport/UnityEditor.WebGL.Extensions.dll
Register platform support module: C:/Program Files/Unity 2021.1.17f1/Editor/Data/PlaybackEngines/WindowsStandaloneSupport/UnityEditor.WindowsStandalone.Extensions.dll
Registered in 0.001275 seconds.
Native extension for WindowsStandalone target not found
Native extension for WebGL target not found
Refreshing native plugins compatible for Editor in 76.86 ms, found 3 plugins.
Preloading 0 native plugins for Editor in 0.00 ms.
Mono: successfully reloaded assembly
- Completed reload, in  0.865 seconds
Domain Reload Profiling:
	ReloadAssembly (865ms)
		BeginReloadAssembly (59ms)
			ExecutionOrderSort (0ms)
			DisableScriptedObjects (0ms)
			BackupInstance (0ms)
			ReleaseScriptingObjects (0ms)
			CreateAndSetChildDomain (1ms)
		EndReloadAssembly (359ms)
			LoadAssemblies (57ms)
			RebuildTransferFunctionScriptingTraits (0ms)
			SetupTypeCache (107ms)
			ReleaseScriptCaches (0ms)
			RebuildScriptCaches (23ms)
			SetupLoadedEditorAssemblies (196ms)
				LogAssemblyErrors (0ms)
				InitializePlatformSupportModulesInManaged (5ms)
				SetLoadedEditorAssemblies (0ms)
				RefreshPlugins (77ms)
				BeforeProcessingInitializeOnLoad (1ms)
				ProcessInitializeOnLoadAttributes (86ms)
				ProcessInitializeOnLoadMethodAttributes (26ms)
				AfterProcessingInitializeOnLoad (0ms)
				EditorAssembliesLoaded (0ms)
			ExecutionOrderSort2 (0ms)
			AwakeInstancesAfterBackupRestoration (0ms)
Platform modules already initialized, skipping
Registering precompiled user dll's ...
Registered in 0.003230 seconds.
Begin MonoManager ReloadAssembly
Symbol file LoadedFromMemory doesn't match image C:\Users\w016525k\Documents\GitHub\GameJamTeam14\Project\GamesJamMay\Library\PackageCache\com.unity.visualscripting@1.6.1\Editor\VisualScripting.Core\Dependencies\YamlDotNet\Unity.VisualScripting.YamlDotNet.dll
Symbol file LoadedFromMemory doesn't match image C:\Users\w016525k\Documents\GitHub\GameJamTeam14\Project\GamesJamMay\Library\PackageCache\com.unity.visualscripting@1.6.1\Editor\VisualScripting.Core\Dependencies\DotNetZip\Unity.VisualScripting.IonicZip.dll
Native extension for WindowsStandalone target not found
Native extension for WebGL target not found
Refreshing native plugins compatible for Editor in 0.56 ms, found 3 plugins.
Preloading 0 native plugins for Editor in 0.00 ms.
Mono: successfully reloaded assembly
- Completed reload, in  0.935 seconds
Domain Reload Profiling:
	ReloadAssembly (936ms)
		BeginReloadAssembly (142ms)
			ExecutionOrderSort (0ms)
			DisableScriptedObjects (4ms)
			BackupInstance (0ms)
			ReleaseScriptingObjects (0ms)
			CreateAndSetChildDomain (22ms)
		EndReloadAssembly (749ms)
			LoadAssemblies (74ms)
			RebuildTransferFunctionScriptingTraits (0ms)
			SetupTypeCache (266ms)
			ReleaseScriptCaches (0ms)
			RebuildScriptCaches (35ms)
			SetupLoadedEditorAssemblies (304ms)
				LogAssemblyErrors (0ms)
				InitializePlatformSupportModulesInManaged (4ms)
				SetLoadedEditorAssemblies (0ms)
				RefreshPlugins (1ms)
				BeforeProcessingInitializeOnLoad (51ms)
				ProcessInitializeOnLoadAttributes (241ms)
				ProcessInitializeOnLoadMethodAttributes (3ms)
				AfterProcessingInitializeOnLoad (3ms)
				EditorAssembliesLoaded (0ms)
			ExecutionOrderSort2 (0ms)
			AwakeInstancesAfterBackupRestoration (5ms)
Platform modules already initialized, skipping
========================================================================
Worker process is ready to serve import requests
Launched and connected shader compiler UnityShaderCompiler.exe after 0.04 seconds
Refreshing native plugins compatible for Editor in 0.62 ms, found 3 plugins.
Preloading 0 native plugins for Editor in 0.00 ms.
Unloading 2948 Unused Serialized files (Serialized files now loaded: 0)
System memory in use before: 108.1 MB.
System memory in use after: 108.3 MB.

Unloading 22 unused Assets to reduce memory usage. Loaded Objects now: 3394.
Total: 3.185300 ms (FindLiveObjects: 0.264700 ms CreateObjectMapping: 0.115000 ms MarkObjects: 2.735600 ms  DeleteObjects: 0.068400 ms)

AssetImportParameters requested are different than current active one (requested -> active):
  custom:framework-win-MediaFoundation: 216162199b28c13a410421893ffa2e32 -> 
  custom:video-decoder-ogg-theora: a1e56fd34408186e4bbccfd4996cb3dc -> 
  custom:container-muxer-webm: aa71ff27fc2769a1b78a27578f13a17b -> 
  custom:container-demuxer-webm: 4f35f7cbe854078d1ac9338744f61a02 -> 
  custom:container-demuxer-ogg: 62fdf1f143b41e24485cea50d1cbac27 -> 
  custom:video-encoder-webm-vp8: eb34c28f22e8b96e1ab97ce403110664 -> 
  custom:video-decoder-webm-vp8: 9c59270c3fd7afecdb556c50c9e8de78 -> 
  custom:audio-decoder-ogg-vorbis: bf7c407c2cedff20999df2af8eb42d56 -> 
  custom:audio-encoder-webm-vorbis: bf7c407c2cedff20999df2af8eb42d56 -> 
========================================================================
Received Import Request.
  path: Assets/32-320333_club-penguin-png-jpg-royalty-free-library-club.png
  artifactKey: Guid(58d21c0bdb3beea438136bfa79851c6f) Importer(815301076,1909f56bfc062723c751e8b465ee728b)
Start importing Assets/32-320333_club-penguin-png-jpg-royalty-free-library-club.png using Guid(58d21c0bdb3beea438136bfa79851c6f) Importer(815301076,1909f56bfc062723c751e8b465ee728b)  -> (artifact id: 'b474feaefd1823bbce8aa54a422fac55') in 0.054163 seconds 
========================================================================
Received Prepare
Registering precompiled user dll's ...
Registered in 0.003233 seconds.
Begin MonoManager ReloadAssembly
Symbol file LoadedFromMemory doesn't match image C:\Users\w016525k\Documents\GitHub\GameJamTeam14\Project\GamesJamMay\Library\PackageCache\com.unity.visualscripting@1.6.1\Editor\VisualScripting.Core\Dependencies\YamlDotNet\Unity.VisualScripting.YamlDotNet.dll
Symbol file LoadedFromMemory doesn't match image C:\Users\w016525k\Documents\GitHub\GameJamTeam14\Project\GamesJamMay\Library\PackageCache\com.unity.visualscripting@1.6.1\Editor\VisualScripting.Core\Dependencies\DotNetZip\Unity.VisualScripting.IonicZip.dll
Native extension for WindowsStandalone target not found
Native extension for WebGL target not found
Refreshing native plugins compatible for Editor in 0.51 ms, found 3 plugins.
Preloading 0 native plugins for Editor in 0.00 ms.
Mono: successfully reloaded assembly
- Completed reload, in  0.808 seconds
Domain Reload Profiling:
	ReloadAssembly (808ms)
		BeginReloadAssembly (105ms)
			ExecutionOrderSort (0ms)
			DisableScriptedObjects (3ms)
			BackupInstance (0ms)
			ReleaseScriptingObjects (0ms)
			CreateAndSetChildDomain (31ms)
		EndReloadAssembly (659ms)
			LoadAssemblies (66ms)
			RebuildTransferFunctionScriptingTraits (0ms)
			SetupTypeCache (228ms)
			ReleaseScriptCaches (1ms)
			RebuildScriptCaches (28ms)
			SetupLoadedEditorAssemblies (272ms)
				LogAssemblyErrors (0ms)
				InitializePlatformSupportModulesInManaged (4ms)
				SetLoadedEditorAssemblies (0ms)
				RefreshPlugins (1ms)
				BeforeProcessingInitializeOnLoad (39ms)
				ProcessInitializeOnLoadAttributes (223ms)
				ProcessInitializeOnLoadMethodAttributes (3ms)
				AfterProcessingInitializeOnLoad (3ms)
				EditorAssembliesLoaded (0ms)
			ExecutionOrderSort2 (0ms)
			AwakeInstancesAfterBackupRestoration (8ms)
Platform modules already initialized, skipping
Refreshing native plugins compatible for Editor in 0.59 ms, found 3 plugins.
Preloading 0 native plugins for Editor in 0.00 ms.
Unloading 2943 Unused Serialized files (Serialized files now loaded: 0)
System memory in use before: 109.2 MB.
System memory in use after: 109.4 MB.

Unloading 17 unused Assets to reduce memory usage. Loaded Objects now: 3414.
Total: 3.210000 ms (FindLiveObjects: 0.194700 ms CreateObjectMapping: 0.167500 ms MarkObjects: 2.820000 ms  DeleteObjects: 0.026300 ms)

AssetImportParameters requested are different than current active one (requested -> active):
  custom:framework-win-MediaFoundation: 216162199b28c13a410421893ffa2e32 -> 
  custom:video-decoder-ogg-theora: a1e56fd34408186e4bbccfd4996cb3dc -> 
  custom:container-muxer-webm: aa71ff27fc2769a1b78a27578f13a17b -> 
  custom:container-demuxer-webm: 4f35f7cbe854078d1ac9338744f61a02 -> 
  custom:container-demuxer-ogg: 62fdf1f143b41e24485cea50d1cbac27 -> 
  custom:video-encoder-webm-vp8: eb34c28f22e8b96e1ab97ce403110664 -> 
  custom:video-decoder-webm-vp8: 9c59270c3fd7afecdb556c50c9e8de78 -> 
  custom:audio-decoder-ogg-vorbis: bf7c407c2cedff20999df2af8eb42d56 -> 
  custom:audio-encoder-webm-vorbis: bf7c407c2cedff20999df2af8eb42d56 -> 
========================================================================
Received Import Request.
  Time since last request: 1156.472408 seconds.
  path: Assets/PolygonCity
  artifactKey: Guid(1363860823b97cd42bdb5e87f548c088) Importer(815301076,1909f56bfc062723c751e8b465ee728b)
Start importing Assets/PolygonCity using Guid(1363860823b97cd42bdb5e87f548c088) Importer(815301076,1909f56bfc062723c751e8b465ee728b)  -> (artifact id: '7fe3c40e82e34592682ff4fb1c8ae620') in 0.009640 seconds 
========================================================================
Received Import Request.
  Time since last request: 33.515140 seconds.
  path: Assets
  artifactKey: Guid(00000000000000001000000000000000) Importer(815301076,1909f56bfc062723c751e8b465ee728b)
Start importing Assets using Guid(00000000000000001000000000000000) Importer(815301076,1909f56bfc062723c751e8b465ee728b)  -> (artifact id: '42d402b061de3733987d63b9cc3b64de') in 0.007657 seconds 
========================================================================
Received Prepare
Registering precompiled user dll's ...
Registered in 0.003337 seconds.
Begin MonoManager ReloadAssembly
Symbol file LoadedFromMemory doesn't match image C:\Users\w016525k\Documents\GitHub\GameJamTeam14\Project\GamesJamMay\Library\PackageCache\com.unity.visualscripting@1.6.1\Editor\VisualScripting.Core\Dependencies\YamlDotNet\Unity.VisualScripting.YamlDotNet.dll
Symbol file LoadedFromMemory doesn't match image C:\Users\w016525k\Documents\GitHub\GameJamTeam14\Project\GamesJamMay\Library\PackageCache\com.unity.visualscripting@1.6.1\Editor\VisualScripting.Core\Dependencies\DotNetZip\Unity.VisualScripting.IonicZip.dll
Native extension for WindowsStandalone target not found
Native extension for WebGL target not found
Refreshing native plugins compatible for Editor in 0.61 ms, found 3 plugins.
Preloading 0 native plugins for Editor in 0.00 ms.
Mono: successfully reloaded assembly
- Completed reload, in  0.921 seconds
Domain Reload Profiling:
	ReloadAssembly (921ms)
		BeginReloadAssembly (110ms)
			ExecutionOrderSort (0ms)
			DisableScriptedObjects (4ms)
			BackupInstance (0ms)
			ReleaseScriptingObjects (0ms)
			CreateAndSetChildDomain (32ms)
		EndReloadAssembly (762ms)
			LoadAssemblies (75ms)
			RebuildTransferFunctionScriptingTraits (0ms)
			SetupTypeCache (273ms)
			ReleaseScriptCaches (1ms)
			RebuildScriptCaches (33ms)
			SetupLoadedEditorAssemblies (305ms)
				LogAssemblyErrors (0ms)
				InitializePlatformSupportModulesInManaged (5ms)
				SetLoadedEditorAssemblies (0ms)
				RefreshPlugins (1ms)
				BeforeProcessingInitializeOnLoad (44ms)
				ProcessInitializeOnLoadAttributes (246ms)
				ProcessInitializeOnLoadMethodAttributes (4ms)
				AfterProcessingInitializeOnLoad (4ms)
				EditorAssembliesLoaded (0ms)
			ExecutionOrderSort2 (0ms)
			AwakeInstancesAfterBackupRestoration (12ms)
Platform modules already initialized, skipping
Refreshing native plugins compatible for Editor in 0.89 ms, found 3 plugins.
Preloading 0 native plugins for Editor in 0.00 ms.
Unloading 2942 Unused Serialized files (Serialized files now loaded: 0)
System memory in use before: 109.2 MB.
System memory in use after: 109.4 MB.

Unloading 17 unused Assets to reduce memory usage. Loaded Objects now: 3417.
Total: 2.525000 ms (FindLiveObjects: 0.179700 ms CreateObjectMapping: 0.084800 ms MarkObjects: 2.237600 ms  DeleteObjects: 0.021900 ms)

AssetImportParameters requested are different than current active one (requested -> active):
  custom:framework-win-MediaFoundation: 216162199b28c13a410421893ffa2e32 -> 
  custom:video-decoder-ogg-theora: a1e56fd34408186e4bbccfd4996cb3dc -> 
  custom:container-muxer-webm: aa71ff27fc2769a1b78a27578f13a17b -> 
  custom:container-demuxer-webm: 4f35f7cbe854078d1ac9338744f61a02 -> 
  custom:container-demuxer-ogg: 62fdf1f143b41e24485cea50d1cbac27 -> 
  custom:video-encoder-webm-vp8: eb34c28f22e8b96e1ab97ce403110664 -> 
  custom:video-decoder-webm-vp8: 9c59270c3fd7afecdb556c50c9e8de78 -> 
  custom:audio-decoder-ogg-vorbis: bf7c407c2cedff20999df2af8eb42d56 -> 
  custom:audio-encoder-webm-vorbis: bf7c407c2cedff20999df2af8eb42d56 -> 
========================================================================
Received Import Request.
  Time since last request: 7.593257 seconds.
  path: Assets/Animations
  artifactKey: Guid(ec1cce7cd5e2a474b8ec35ae9c6a64ba) Importer(815301076,1909f56bfc062723c751e8b465ee728b)
Start importing Assets/Animations using Guid(ec1cce7cd5e2a474b8ec35ae9c6a64ba) Importer(815301076,1909f56bfc062723c751e8b465ee728b)  -> (artifact id: 'c7f73b88a2cf938a71931bd8037e22b3') in 0.009837 seconds 
========================================================================
Received Import Request.
  Time since last request: 4.155483 seconds.
  path: Assets/Animations/Water
  artifactKey: Guid(c9ab5e9945fcff44ea294ed6d61a3742) Importer(815301076,1909f56bfc062723c751e8b465ee728b)
Start importing Assets/Animations/Water using Guid(c9ab5e9945fcff44ea294ed6d61a3742) Importer(815301076,1909f56bfc062723c751e8b465ee728b)  -> (artifact id: '2ed858173982433b10207b66ec44f56e') in 0.007711 seconds 
========================================================================
Received Import Request.
  Time since last request: 173.490664 seconds.
  path: Assets/Animations/Water/Water_Bob.anim
  artifactKey: Guid(a1c215c1e9de2e743a1d2b532c996f76) Importer(815301076,1909f56bfc062723c751e8b465ee728b)
Start importing Assets/Animations/Water/Water_Bob.anim using Guid(a1c215c1e9de2e743a1d2b532c996f76) Importer(815301076,1909f56bfc062723c751e8b465ee728b)  -> (artifact id: '7b1b410590b14933d0e93e7fa05b3449') in 0.018432 seconds 
========================================================================
Received Prepare
Registering precompiled user dll's ...
Registered in 0.002825 seconds.
Begin MonoManager ReloadAssembly
Symbol file LoadedFromMemory doesn't match image C:\Users\w016525k\Documents\GitHub\GameJamTeam14\Project\GamesJamMay\Library\PackageCache\com.unity.visualscripting@1.6.1\Editor\VisualScripting.Core\Dependencies\YamlDotNet\Unity.VisualScripting.YamlDotNet.dll
Symbol file LoadedFromMemory doesn't match image C:\Users\w016525k\Documents\GitHub\GameJamTeam14\Project\GamesJamMay\Library\PackageCache\com.unity.visualscripting@1.6.1\Editor\VisualScripting.Core\Dependencies\DotNetZip\Unity.VisualScripting.IonicZip.dll
Native extension for WindowsStandalone target not found
Native extension for WebGL target not found
Refreshing native plugins compatible for Editor in 0.58 ms, found 3 plugins.
Preloading 0 native plugins for Editor in 0.00 ms.
Mono: successfully reloaded assembly
- Completed reload, in  0.876 seconds
Domain Reload Profiling:
	ReloadAssembly (876ms)
		BeginReloadAssembly (94ms)
			ExecutionOrderSort (0ms)
			DisableScriptedObjects (4ms)
			BackupInstance (0ms)
			ReleaseScriptingObjects (0ms)
			CreateAndSetChildDomain (29ms)
		EndReloadAssembly (740ms)
			LoadAssemblies (62ms)
			RebuildTransferFunctionScriptingTraits (0ms)
			SetupTypeCache (257ms)
			ReleaseScriptCaches (1ms)
			RebuildScriptCaches (31ms)
			SetupLoadedEditorAssemblies (309ms)
				LogAssemblyErrors (0ms)
				InitializePlatformSupportModulesInManaged (5ms)
				SetLoadedEditorAssemblies (0ms)
				RefreshPlugins (1ms)
				BeforeProcessingInitializeOnLoad (44ms)
				ProcessInitializeOnLoadAttributes (252ms)
				ProcessInitializeOnLoadMethodAttributes (3ms)
				AfterProcessingInitializeOnLoad (4ms)
				EditorAssembliesLoaded (0ms)
			ExecutionOrderSort2 (0ms)
			AwakeInstancesAfterBackupRestoration (11ms)
Platform modules already initialized, skipping
Refreshing native plugins compatible for Editor in 0.55 ms, found 3 plugins.
Preloading 0 native plugins for Editor in 0.00 ms.
Unloading 2942 Unused Serialized files (Serialized files now loaded: 0)
System memory in use before: 109.2 MB.
System memory in use after: 109.4 MB.

Unloading 17 unused Assets to reduce memory usage. Loaded Objects now: 3420.
Total: 2.779900 ms (FindLiveObjects: 0.240600 ms CreateObjectMapping: 0.107700 ms MarkObjects: 2.396500 ms  DeleteObjects: 0.033900 ms)

AssetImportParameters requested are different than current active one (requested -> active):
  custom:framework-win-MediaFoundation: 216162199b28c13a410421893ffa2e32 -> 
  custom:video-decoder-ogg-theora: a1e56fd34408186e4bbccfd4996cb3dc -> 
  custom:container-muxer-webm: aa71ff27fc2769a1b78a27578f13a17b -> 
  custom:container-demuxer-webm: 4f35f7cbe854078d1ac9338744f61a02 -> 
  custom:container-demuxer-ogg: 62fdf1f143b41e24485cea50d1cbac27 -> 
  custom:video-encoder-webm-vp8: eb34c28f22e8b96e1ab97ce403110664 -> 
  custom:video-decoder-webm-vp8: 9c59270c3fd7afecdb556c50c9e8de78 -> 
  custom:audio-decoder-ogg-vorbis: bf7c407c2cedff20999df2af8eb42d56 -> 
  custom:audio-encoder-webm-vorbis: bf7c407c2cedff20999df2af8eb42d56 -> 
========================================================================
Received Import Request.
  Time since last request: 1172.302835 seconds.
  path: Assets/Materials
  artifactKey: Guid(46ae8a8bcce693d4e9a2209ead0f3223) Importer(815301076,1909f56bfc062723c751e8b465ee728b)
Start importing Assets/Materials using Guid(46ae8a8bcce693d4e9a2209ead0f3223) Importer(815301076,1909f56bfc062723c751e8b465ee728b)  -> (artifact id: 'cff27281df0f8a38c66c0e6588f4c703') in 0.010139 seconds 
========================================================================
Received Import Request.
  Time since last request: 10.269579 seconds.
  path: Assets/Menu
  artifactKey: Guid(fa135d2a6330792469c64ff4c7fc7560) Importer(815301076,1909f56bfc062723c751e8b465ee728b)
Start importing Assets/Menu using Guid(fa135d2a6330792469c64ff4c7fc7560) Importer(815301076,1909f56bfc062723c751e8b465ee728b)  -> (artifact id: '66fba9635a7c607eef49f93bb40c4397') in 0.006357 seconds 
========================================================================
Received Import Request.
  Time since last request: 303.135549 seconds.
  path: Assets/Menu/Circle.png
  artifactKey: Guid(7a8234f6090258846b4eaa4794aa3ae9) Importer(815301076,1909f56bfc062723c751e8b465ee728b)
Start importing Assets/Menu/Circle.png using Guid(7a8234f6090258846b4eaa4794aa3ae9) Importer(815301076,1909f56bfc062723c751e8b465ee728b)  -> (artifact id: 'c0dc3b02f8034c02fe8f33432ba5867e') in 0.030658 seconds 
========================================================================
Received Import Request.
  Time since last request: 32.753976 seconds.
  path: Assets/Menu/Circle.png
  artifactKey: Guid(7a8234f6090258846b4eaa4794aa3ae9) Importer(815301076,1909f56bfc062723c751e8b465ee728b)
Start importing Assets/Menu/Circle.png using Guid(7a8234f6090258846b4eaa4794aa3ae9) Importer(815301076,1909f56bfc062723c751e8b465ee728b)  -> (artifact id: '3a8400872392686223a30672fc3da72f') in 0.054149 seconds 
========================================================================
Received Import Request.
  Time since last request: 538.154733 seconds.
  path: Assets/Menu/Connector.png
  artifactKey: Guid(fac7b189861810b488c78177422f5b6b) Importer(815301076,1909f56bfc062723c751e8b465ee728b)
Start importing Assets/Menu/Connector.png using Guid(fac7b189861810b488c78177422f5b6b) Importer(815301076,1909f56bfc062723c751e8b465ee728b)  -> (artifact id: '7e7dad6ac4269a44992a61ab4fb8468d') in 0.021949 seconds 
========================================================================
Received Import Request.
  Time since last request: 4.526808 seconds.
  path: Assets/Menu/Connector.png
  artifactKey: Guid(fac7b189861810b488c78177422f5b6b) Importer(815301076,1909f56bfc062723c751e8b465ee728b)
Start importing Assets/Menu/Connector.png using Guid(fac7b189861810b488c78177422f5b6b) Importer(815301076,1909f56bfc062723c751e8b465ee728b)  -> (artifact id: '9a8543ba16c06bf012a1fe4f00dc044d') in 0.031605 seconds 
========================================================================
Received Prepare
Registering precompiled user dll's ...
Registered in 0.002811 seconds.
Begin MonoManager ReloadAssembly
Symbol file LoadedFromMemory doesn't match image C:\Users\w016525k\Documents\GitHub\GameJamTeam14\Project\GamesJamMay\Library\PackageCache\com.unity.visualscripting@1.6.1\Editor\VisualScripting.Core\Dependencies\YamlDotNet\Unity.VisualScripting.YamlDotNet.dll
Symbol file LoadedFromMemory doesn't match image C:\Users\w016525k\Documents\GitHub\GameJamTeam14\Project\GamesJamMay\Library\PackageCache\com.unity.visualscripting@1.6.1\Editor\VisualScripting.Core\Dependencies\DotNetZip\Unity.VisualScripting.IonicZip.dll
Native extension for WindowsStandalone target not found
Native extension for WebGL target not found
Refreshing native plugins compatible for Editor in 0.50 ms, found 3 plugins.
Preloading 0 native plugins for Editor in 0.00 ms.
Mono: successfully reloaded assembly
- Completed reload, in  0.760 seconds
Domain Reload Profiling:
	ReloadAssembly (760ms)
		BeginReloadAssembly (92ms)
			ExecutionOrderSort (0ms)
			DisableScriptedObjects (4ms)
			BackupInstance (0ms)
			ReleaseScriptingObjects (0ms)
			CreateAndSetChildDomain (30ms)
		EndReloadAssembly (625ms)
			LoadAssemblies (64ms)
			RebuildTransferFunctionScriptingTraits (0ms)
			SetupTypeCache (210ms)
			ReleaseScriptCaches (1ms)
			RebuildScriptCaches (26ms)
			SetupLoadedEditorAssemblies (261ms)
				LogAssemblyErrors (0ms)
				InitializePlatformSupportModulesInManaged (4ms)
				SetLoadedEditorAssemblies (0ms)
				RefreshPlugins (1ms)
				BeforeProcessingInitializeOnLoad (33ms)
				ProcessInitializeOnLoadAttributes (217ms)
				ProcessInitializeOnLoadMethodAttributes (3ms)
				AfterProcessingInitializeOnLoad (3ms)
				EditorAssembliesLoaded (0ms)
			ExecutionOrderSort2 (0ms)
			AwakeInstancesAfterBackupRestoration (10ms)
Platform modules already initialized, skipping
Refreshing native plugins compatible for Editor in 0.52 ms, found 3 plugins.
Preloading 0 native plugins for Editor in 0.00 ms.
Unloading 2944 Unused Serialized files (Serialized files now loaded: 0)
System memory in use before: 114.8 MB.
System memory in use after: 115.1 MB.

Unloading 17 unused Assets to reduce memory usage. Loaded Objects now: 3488.
Total: 2.294400 ms (FindLiveObjects: 0.169900 ms CreateObjectMapping: 0.089400 ms MarkObjects: 2.019900 ms  DeleteObjects: 0.013900 ms)

AssetImportParameters requested are different than current active one (requested -> active):
  custom:framework-win-MediaFoundation: 216162199b28c13a410421893ffa2e32 -> 
  custom:video-decoder-ogg-theora: a1e56fd34408186e4bbccfd4996cb3dc -> 
  custom:container-muxer-webm: aa71ff27fc2769a1b78a27578f13a17b -> 
  custom:container-demuxer-webm: 4f35f7cbe854078d1ac9338744f61a02 -> 
  custom:container-demuxer-ogg: 62fdf1f143b41e24485cea50d1cbac27 -> 
  custom:video-encoder-webm-vp8: eb34c28f22e8b96e1ab97ce403110664 -> 
  custom:video-decoder-webm-vp8: 9c59270c3fd7afecdb556c50c9e8de78 -> 
  custom:audio-decoder-ogg-vorbis: bf7c407c2cedff20999df2af8eb42d56 -> 
  custom:audio-encoder-webm-vorbis: bf7c407c2cedff20999df2af8eb42d56 -> 
========================================================================
Received Prepare
Registering precompiled user dll's ...
Registered in 0.002933 seconds.
Begin MonoManager ReloadAssembly
Symbol file LoadedFromMemory doesn't match image C:\Users\w016525k\Documents\GitHub\GameJamTeam14\Project\GamesJamMay\Library\PackageCache\com.unity.visualscripting@1.6.1\Editor\VisualScripting.Core\Dependencies\YamlDotNet\Unity.VisualScripting.YamlDotNet.dll
Symbol file LoadedFromMemory doesn't match image C:\Users\w016525k\Documents\GitHub\GameJamTeam14\Project\GamesJamMay\Library\PackageCache\com.unity.visualscripting@1.6.1\Editor\VisualScripting.Core\Dependencies\DotNetZip\Unity.VisualScripting.IonicZip.dll
Native extension for WindowsStandalone target not found
Native extension for WebGL target not found
Refreshing native plugins compatible for Editor in 0.78 ms, found 3 plugins.
Preloading 0 native plugins for Editor in 0.00 ms.
Mono: successfully reloaded assembly
- Completed reload, in  0.703 seconds
Domain Reload Profiling:
	ReloadAssembly (703ms)
		BeginReloadAssembly (77ms)
			ExecutionOrderSort (0ms)
			DisableScriptedObjects (4ms)
			BackupInstance (0ms)
			ReleaseScriptingObjects (0ms)
			CreateAndSetChildDomain (24ms)
		EndReloadAssembly (590ms)
			LoadAssemblies (60ms)
			RebuildTransferFunctionScriptingTraits (0ms)
			SetupTypeCache (205ms)
			ReleaseScriptCaches (1ms)
			RebuildScriptCaches (25ms)
			SetupLoadedEditorAssemblies (239ms)
				LogAssemblyErrors (0ms)
				InitializePlatformSupportModulesInManaged (4ms)
				SetLoadedEditorAssemblies (0ms)
				RefreshPlugins (1ms)
				BeforeProcessingInitializeOnLoad (35ms)
				ProcessInitializeOnLoadAttributes (192ms)
				ProcessInitializeOnLoadMethodAttributes (2ms)
				AfterProcessingInitializeOnLoad (4ms)
				EditorAssembliesLoaded (0ms)
			ExecutionOrderSort2 (0ms)
			AwakeInstancesAfterBackupRestoration (8ms)
Platform modules already initialized, skipping
Refreshing native plugins compatible for Editor in 0.53 ms, found 3 plugins.
Preloading 0 native plugins for Editor in 0.00 ms.
Unloading 2965 Unused Serialized files (Serialized files now loaded: 0)
System memory in use before: 116.2 MB.
System memory in use after: 116.1 MB.

Unloading 20 unused Assets to reduce memory usage. Loaded Objects now: 3511.
Total: 2.888300 ms (FindLiveObjects: 0.168500 ms CreateObjectMapping: 0.078600 ms MarkObjects: 2.477100 ms  DeleteObjects: 0.163300 ms)

AssetImportParameters requested are different than current active one (requested -> active):
  custom:framework-win-MediaFoundation: 216162199b28c13a410421893ffa2e32 -> 
  custom:video-decoder-ogg-theora: a1e56fd34408186e4bbccfd4996cb3dc -> 
  custom:container-muxer-webm: aa71ff27fc2769a1b78a27578f13a17b -> 
  custom:container-demuxer-webm: 4f35f7cbe854078d1ac9338744f61a02 -> 
  custom:container-demuxer-ogg: 62fdf1f143b41e24485cea50d1cbac27 -> 
  custom:video-encoder-webm-vp8: eb34c28f22e8b96e1ab97ce403110664 -> 
  custom:video-decoder-webm-vp8: 9c59270c3fd7afecdb556c50c9e8de78 -> 
  custom:audio-decoder-ogg-vorbis: bf7c407c2cedff20999df2af8eb42d56 -> 
  custom:audio-encoder-webm-vorbis: bf7c407c2cedff20999df2af8eb42d56 -> 
========================================================================
Received Import Request.
  Time since last request: 401.621598 seconds.
  path: Assets/AllIn1SpriteShader
  artifactKey: Guid(b39c9f250d976934086591fddf120cca) Importer(815301076,1909f56bfc062723c751e8b465ee728b)
Start importing Assets/AllIn1SpriteShader using Guid(b39c9f250d976934086591fddf120cca) Importer(815301076,1909f56bfc062723c751e8b465ee728b)  -> (artifact id: '312591f31346880994f77a057eb768e1') in 0.009818 seconds 
========================================================================
Received Import Request.
  Time since last request: 0.092736 seconds.
  path: Assets/AllIn1SpriteShader/AllIn1SpriteShaderAssembly.asmdef
  artifactKey: Guid(91de482a0a233614ab5962ea5f6c24ee) Importer(815301076,1909f56bfc062723c751e8b465ee728b)
Start importing Assets/AllIn1SpriteShader/AllIn1SpriteShaderAssembly.asmdef using Guid(91de482a0a233614ab5962ea5f6c24ee) Importer(815301076,1909f56bfc062723c751e8b465ee728b)  -> (artifact id: '002d0acb8157b4d39f4c62022ab156cf') in 0.006605 seconds 
========================================================================
Received Import Request.
  Time since last request: 2.110189 seconds.
  path: Assets/AllIn1SpriteShader/Textures
  artifactKey: Guid(9c6641ac06ac9d643898c55a675118f8) Importer(815301076,1909f56bfc062723c751e8b465ee728b)
Start importing Assets/AllIn1SpriteShader/Textures using Guid(9c6641ac06ac9d643898c55a675118f8) Importer(815301076,1909f56bfc062723c751e8b465ee728b)  -> (artifact id: 'ea7e6e24098fb3b9f662eef82dde5b15') in 0.006504 seconds 
========================================================================
Received Import Request.
  Time since last request: 0.629724 seconds.
  path: Assets/AllIn1SpriteShader/Textures/black.png
  artifactKey: Guid(0b8da974a6429b8489e21c2a5d8dd509) Importer(815301076,1909f56bfc062723c751e8b465ee728b)
Start importing Assets/AllIn1SpriteShader/Textures/black.png using Guid(0b8da974a6429b8489e21c2a5d8dd509) Importer(815301076,1909f56bfc062723c751e8b465ee728b)  -> (artifact id: '70219f6017a191e35f164326f081a0a9') in 0.038250 seconds 
========================================================================
Received Import Request.
  Time since last request: 0.000247 seconds.
  path: Assets/AllIn1SpriteShader/Textures/toonSeamlessNoise.png
  artifactKey: Guid(f96aebb9bcd1e3b44bafbb23b1bdac88) Importer(815301076,1909f56bfc062723c751e8b465ee728b)
Start importing Assets/AllIn1SpriteShader/Textures/toonSeamlessNoise.png using Guid(f96aebb9bcd1e3b44bafbb23b1bdac88) Importer(815301076,1909f56bfc062723c751e8b465ee728b)  -> (artifact id: 'f690fb8721e7bfe052faa067c06ba422') in 0.015020 seconds 
========================================================================
Received Import Request.
  Time since last request: 0.000195 seconds.
  path: Assets/AllIn1SpriteShader/Textures/fire2.png
  artifactKey: Guid(677cca399782dea41aedc1d292ecb67d) Importer(815301076,1909f56bfc062723c751e8b465ee728b)
Start importing Assets/AllIn1SpriteShader/Textures/fire2.png using Guid(677cca399782dea41aedc1d292ecb67d) Importer(815301076,1909f56bfc062723c751e8b465ee728b)  -> (artifact id: 'd06b15e5767c3ea37079bc64b96d31e7') in 0.027497 seconds 
========================================================================
Received Import Request.
  Time since last request: 0.000218 seconds.
  path: Assets/AllIn1SpriteShader/Textures/white.png
  artifactKey: Guid(839adabbc5de26041bac66450214a831) Importer(815301076,1909f56bfc062723c751e8b465ee728b)
Start importing Assets/AllIn1SpriteShader/Textures/white.png using Guid(839adabbc5de26041bac66450214a831) Importer(815301076,1909f56bfc062723c751e8b465ee728b)  -> (artifact id: '26235c6ffd66c50c690a06736b01baae') in 0.020115 seconds 
========================================================================
Received Import Request.
  Time since last request: 0.000219 seconds.
  path: Assets/AllIn1SpriteShader/Textures/flameNoise.png
  artifactKey: Guid(806e236bc12668e4da974bb8f536d28f) Importer(815301076,1909f56bfc062723c751e8b465ee728b)
Start importing Assets/AllIn1SpriteShader/Textures/flameNoise.png using Guid(806e236bc12668e4da974bb8f536d28f) Importer(815301076,1909f56bfc062723c751e8b465ee728b)  -> (artifact id: 'cffb7718f10a193c0f3ab6bbadae194a') in 0.021382 seconds 
========================================================================
Received Import Request.
  Time since last request: 0.000310 seconds.
  path: Assets/AllIn1SpriteShader/Textures/UVChecker.png
  artifactKey: Guid(a4a73598226c9dd48aedc26a44264bdf) Importer(815301076,1909f56bfc062723c751e8b465ee728b)
Start importing Assets/AllIn1SpriteShader/Textures/UVChecker.png using Guid(a4a73598226c9dd48aedc26a44264bdf) Importer(815301076,1909f56bfc062723c751e8b465ee728b)  -> (artifact id: '558c54c708c3163680a41973d61ba71c') in 0.022581 seconds 
========================================================================
Received Import Request.
  Time since last request: 0.000247 seconds.
  path: Assets/AllIn1SpriteShader/Textures/seamlessNoise.png
  artifactKey: Guid(7aad8c583ef292e48b06af0d1f2fab97) Importer(815301076,1909f56bfc062723c751e8b465ee728b)
Start importing Assets/AllIn1SpriteShader/Textures/seamlessNoise.png using Guid(7aad8c583ef292e48b06af0d1f2fab97) Importer(815301076,1909f56bfc062723c751e8b465ee728b)  -> (artifact id: '921257f9b9ae7c077a6837fa3c01505c') in 0.020611 seconds 
========================================================================
Received Import Request.
  Time since last request: 0.000262 seconds.
  path: Assets/AllIn1SpriteShader/Textures/gradient.png
  artifactKey: Guid(b2ae57e82cd4b4d4ebfa9986f7c77c83) Importer(815301076,1909f56bfc062723c751e8b465ee728b)
Start importing Assets/AllIn1SpriteShader/Textures/gradient.png using Guid(b2ae57e82cd4b4d4ebfa9986f7c77c83) Importer(815301076,1909f56bfc062723c751e8b465ee728b)  -> (artifact id: '586c6200d054562451151b1bbdc6c2b5') in 0.020752 seconds 
========================================================================
Received Import Request.
  Time since last request: 0.000264 seconds.
  path: Assets/AllIn1SpriteShader/Textures/CustomEditorImage.png
  artifactKey: Guid(917b41800d6604d4e99bef50da598d65) Importer(815301076,1909f56bfc062723c751e8b465ee728b)
Start importing Assets/AllIn1SpriteShader/Textures/CustomEditorImage.png using Guid(917b41800d6604d4e99bef50da598d65) Importer(815301076,1909f56bfc062723c751e8b465ee728b)  -> (artifact id: '948ae543f2e94cd8948b96e96a5acaf7') in 0.022954 seconds 
========================================================================
Received Import Request.
  Time since last request: 0.000208 seconds.
  path: Assets/AllIn1SpriteShader/Textures/flameNoise2.png
  artifactKey: Guid(e3763a0fd85c67f4f9f31b55f886d31d) Importer(815301076,1909f56bfc062723c751e8b465ee728b)
Start importing Assets/AllIn1SpriteShader/Textures/flameNoise2.png using Guid(e3763a0fd85c67f4f9f31b55f886d31d) Importer(815301076,1909f56bfc062723c751e8b465ee728b)  -> (artifact id: 'ea5ffa8269aa1aaaa47101e64db129a4') in 0.022344 seconds 
========================================================================
Received Import Request.
  Time since last request: 0.000234 seconds.
  path: Assets/AllIn1SpriteShader/Textures/gradient2.png
  artifactKey: Guid(dbaa905cec0d2b944b5d1ebdbc3ceb1e) Importer(815301076,1909f56bfc062723c751e8b465ee728b)
Start importing Assets/AllIn1SpriteShader/Textures/gradient2.png using Guid(dbaa905cec0d2b944b5d1ebdbc3ceb1e) Importer(815301076,1909f56bfc062723c751e8b465ee728b)  -> (artifact id: '7bac958176629b9d576581382a37997b') in 0.025254 seconds 
========================================================================
Received Import Request.
  Time since last request: 0.000188 seconds.
  path: Assets/AllIn1SpriteShader/Textures/fire.png
  artifactKey: Guid(253ade5030af1b643bf9a54cceb26f01) Importer(815301076,1909f56bfc062723c751e8b465ee728b)
Start importing Assets/AllIn1SpriteShader/Textures/fire.png using Guid(253ade5030af1b643bf9a54cceb26f01) Importer(815301076,1909f56bfc062723c751e8b465ee728b)  -> (artifact id: '2eae9ea2aaa5bf06cc9d61e2b97093c0') in 0.019593 seconds 
========================================================================
Received Import Request.
  Time since last request: 0.000315 seconds.
  path: Assets/AllIn1SpriteShader/Textures/rainbow.png
  artifactKey: Guid(74087f6d03f233e4a8a142fa01f9e5cf) Importer(815301076,1909f56bfc062723c751e8b465ee728b)
Start importing Assets/AllIn1SpriteShader/Textures/rainbow.png using Guid(74087f6d03f233e4a8a142fa01f9e5cf) Importer(815301076,1909f56bfc062723c751e8b465ee728b)  -> (artifact id: '48de1b43cda608e417f3fe51b01dec8f') in 0.017489 seconds 
========================================================================
Received Import Request.
  Time since last request: 1.728701 seconds.
  path: Assets/AllIn1SpriteShader/Materials
  artifactKey: Guid(345f2705e87e7424683ef2bd17d38c26) Importer(815301076,1909f56bfc062723c751e8b465ee728b)
Start importing Assets/AllIn1SpriteShader/Materials using Guid(345f2705e87e7424683ef2bd17d38c26) Importer(815301076,1909f56bfc062723c751e8b465ee728b)  -> (artifact id: 'b082945dcf4e3f00103df32fbdd9003a') in 0.002278 seconds 
========================================================================
Received Import Request.
  Time since last request: 0.057790 seconds.
  path: Assets/AllIn1SpriteShader/Materials/EmptyMaterial.mat
  artifactKey: Guid(cc460e5b1c6c0bd498b44195a0c3da99) Importer(815301076,1909f56bfc062723c751e8b465ee728b)
Start importing Assets/AllIn1SpriteShader/Materials/EmptyMaterial.mat using Guid(cc460e5b1c6c0bd498b44195a0c3da99) Importer(815301076,1909f56bfc062723c751e8b465ee728b)  -> (artifact id: '552278171bd2e66f656ff65a93b66bdf') in 0.039504 seconds 
========================================================================
Received Import Request.
  Time since last request: 0.000257 seconds.
  path: Assets/AllIn1SpriteShader/Materials/UIStencil.mat
  artifactKey: Guid(7ef34f26b8117334c8ecd9c27a45e2c6) Importer(815301076,1909f56bfc062723c751e8b465ee728b)
Start importing Assets/AllIn1SpriteShader/Materials/UIStencil.mat using Guid(7ef34f26b8117334c8ecd9c27a45e2c6) Importer(815301076,1909f56bfc062723c751e8b465ee728b)  -> (artifact id: '850335e57a0ba2afa25d566086e9a317') in 0.013006 seconds 
========================================================================
Received Import Request.
  Time since last request: 0.000222 seconds.
  path: Assets/AllIn1SpriteShader/Materials/ScaledTIme.mat
  artifactKey: Guid(3241ea466d4f8334898daf420de4026b) Importer(815301076,1909f56bfc062723c751e8b465ee728b)
Start importing Assets/AllIn1SpriteShader/Materials/ScaledTIme.mat using Guid(3241ea466d4f8334898daf420de4026b) Importer(815301076,1909f56bfc062723c751e8b465ee728b)  -> (artifact id: '62705514b00903a26810c32a85c4648a') in 0.012706 seconds 
========================================================================
Received Import Request.
  Time since last request: 41.274365 seconds.
  path: Assets/Materials/32-320333_club-penguin-png-jpg-royalty-free-library-club.mat
  artifactKey: Guid(3d1b312149f8e034688273848e811fe7) Importer(815301076,1909f56bfc062723c751e8b465ee728b)
Start importing Assets/Materials/32-320333_club-penguin-png-jpg-royalty-free-library-club.mat using Guid(3d1b312149f8e034688273848e811fe7) Importer(815301076,1909f56bfc062723c751e8b465ee728b)  -> (artifact id: '53990cdd3d080fadbb32938537097d0b') in 0.076886 seconds 
========================================================================
Received Import Request.
  Time since last request: 23.835825 seconds.
  path: Assets/AllIn1SpriteShader/2DRenderer-URP-Package.unitypackage
  artifactKey: Guid(ed9b95dc6ed6d0647ad7f1a8f305385d) Importer(815301076,1909f56bfc062723c751e8b465ee728b)
Start importing Assets/AllIn1SpriteShader/2DRenderer-URP-Package.unitypackage using Guid(ed9b95dc6ed6d0647ad7f1a8f305385d) Importer(815301076,1909f56bfc062723c751e8b465ee728b)  -> (artifact id: 'ea07ee4346d08a613593b542e7aaa02a') in 0.006982 seconds 
========================================================================
Received Import Request.
  Time since last request: 0.628135 seconds.
  path: Assets/AllIn1SpriteShader/2DRenderer-URP-Package-2021.2+.unitypackage
  artifactKey: Guid(a55ee4efaad27d948ba5f03fc6d7bc80) Importer(815301076,1909f56bfc062723c751e8b465ee728b)
Start importing Assets/AllIn1SpriteShader/2DRenderer-URP-Package-2021.2+.unitypackage using Guid(a55ee4efaad27d948ba5f03fc6d7bc80) Importer(815301076,1909f56bfc062723c751e8b465ee728b)  -> (artifact id: 'dfe2c34822c50706b788c21b2b794d42') in 0.006126 seconds 
========================================================================
Received Import Request.
  Time since last request: 3.988983 seconds.
  path: Assets/AllIn1SpriteShader/Editor
  artifactKey: Guid(88005189a0eaefe4aa34961fe0208e26) Importer(815301076,1909f56bfc062723c751e8b465ee728b)
Start importing Assets/AllIn1SpriteShader/Editor using Guid(88005189a0eaefe4aa34961fe0208e26) Importer(815301076,1909f56bfc062723c751e8b465ee728b)  -> (artifact id: 'c085e1a98fcee8d3607918514e3c8689') in 0.005275 seconds 
========================================================================
Received Import Request.
  Time since last request: 1.012645 seconds.
  path: Assets/AllIn1SpriteShader/Editor/AllIn1ShaderScriptEditor.cs
  artifactKey: Guid(78232fc1cf0e9c445a36b7bf7fc49fdb) Importer(815301076,1909f56bfc062723c751e8b465ee728b)
Start importing Assets/AllIn1SpriteShader/Editor/AllIn1ShaderScriptEditor.cs using Guid(78232fc1cf0e9c445a36b7bf7fc49fdb) Importer(815301076,1909f56bfc062723c751e8b465ee728b)  -> (artifact id: 'b0a7eecee8ac349b57983d6f7a597810') in 0.014585 seconds 
========================================================================
Received Import Request.
  Time since last request: 1.423581 seconds.
  path: Assets/AllIn1SpriteShader/Demo
  artifactKey: Guid(8547c35f10eb6ad4697607cdde60ad3c) Importer(815301076,1909f56bfc062723c751e8b465ee728b)
Start importing Assets/AllIn1SpriteShader/Demo using Guid(8547c35f10eb6ad4697607cdde60ad3c) Importer(815301076,1909f56bfc062723c751e8b465ee728b)  -> (artifact id: '033bbf92a1afb6f7a881c00d47e01833') in 0.005477 seconds 
========================================================================
Received Import Request.
  Time since last request: 2.905123 seconds.
  path: Assets/AllIn1SpriteShader/Demo/Materials
  artifactKey: Guid(ddc21e094ffb34f4389bb47b77d54f47) Importer(815301076,1909f56bfc062723c751e8b465ee728b)
Start importing Assets/AllIn1SpriteShader/Demo/Materials using Guid(ddc21e094ffb34f4389bb47b77d54f47) Importer(815301076,1909f56bfc062723c751e8b465ee728b)  -> (artifact id: '8f3b9b5d95c2b390c31b6363121d5a07') in 0.001898 seconds 
========================================================================
Received Import Request.
  Time since last request: 0.071827 seconds.
  path: Assets/AllIn1SpriteShader/Demo/Materials/Color Ramp Gradient.mat
  artifactKey: Guid(1c07bf10ccbd5c643b7a3d99b400a745) Importer(815301076,1909f56bfc062723c751e8b465ee728b)
Start importing Assets/AllIn1SpriteShader/Demo/Materials/Color Ramp Gradient.mat using Guid(1c07bf10ccbd5c643b7a3d99b400a745) Importer(815301076,1909f56bfc062723c751e8b465ee728b)  -> (artifact id: '2cb1387d5660352de7338c643be3119e') in 0.032330 seconds 
========================================================================
Received Import Request.
  Time since last request: 0.000251 seconds.
  path: Assets/AllIn1SpriteShader/Demo/Materials/Fire.mat
  artifactKey: Guid(a186aad8f5f9dd04d910c7e3174834c0) Importer(815301076,1909f56bfc062723c751e8b465ee728b)
Start importing Assets/AllIn1SpriteShader/Demo/Materials/Fire.mat using Guid(a186aad8f5f9dd04d910c7e3174834c0) Importer(815301076,1909f56bfc062723c751e8b465ee728b)  -> (artifact id: '61283861498e6d032b095f699919801a') in 0.037955 seconds 
========================================================================
Received Import Request.
  Time since last request: 0.000200 seconds.
  path: Assets/AllIn1SpriteShader/Demo/Materials/ShieldSoldier.mat
  artifactKey: Guid(8a80b25e622f6c84aac445df7e206085) Importer(815301076,1909f56bfc062723c751e8b465ee728b)
Start importing Assets/AllIn1SpriteShader/Demo/Materials/ShieldSoldier.mat using Guid(8a80b25e622f6c84aac445df7e206085) Importer(815301076,1909f56bfc062723c751e8b465ee728b)  -> (artifact id: '74f404cfd6491cb2b1a57114c43457e6') in 0.041510 seconds 
========================================================================
Received Import Request.
  Time since last request: 0.000276 seconds.
  path: Assets/AllIn1SpriteShader/Demo/Materials/MagicRing.mat
  artifactKey: Guid(1c2c3a51f881cb443906a57116cf56fe) Importer(815301076,1909f56bfc062723c751e8b465ee728b)
Start importing Assets/AllIn1SpriteShader/Demo/Materials/MagicRing.mat using Guid(1c2c3a51f881cb443906a57116cf56fe) Importer(815301076,1909f56bfc062723c751e8b465ee728b)  -> (artifact id: 'dd2b85db0be100e09d34edf89566b303') in 0.079196 seconds 
========================================================================
Received Import Request.
  Time since last request: 0.000275 seconds.
  path: Assets/AllIn1SpriteShader/Demo/Materials/SnowFlake.mat
  artifactKey: Guid(aae53a69b285d6f4aad0e6953245bc7d) Importer(815301076,1909f56bfc062723c751e8b465ee728b)
Start importing Assets/AllIn1SpriteShader/Demo/Materials/SnowFlake.mat using Guid(aae53a69b285d6f4aad0e6953245bc7d) Importer(815301076,1909f56bfc062723c751e8b465ee728b)  -> (artifact id: 'b7f97530ea79eccfb7dee5ec1bed9f9a') in 0.013634 seconds 
========================================================================
Received Import Request.
  Time since last request: 0.000178 seconds.
  path: Assets/AllIn1SpriteShader/Demo/Materials/IceSoldier.mat
  artifactKey: Guid(d27799974f79b894196aeeef8bac53af) Importer(815301076,1909f56bfc062723c751e8b465ee728b)
Start importing Assets/AllIn1SpriteShader/Demo/Materials/IceSoldier.mat using Guid(d27799974f79b894196aeeef8bac53af) Importer(815301076,1909f56bfc062723c751e8b465ee728b)  -> (artifact id: 'f9d9ee0aaa7c6af67b143fca1f7a787e') in 0.045662 seconds 
========================================================================
Received Import Request.
  Time since last request: 0.000271 seconds.
  path: Assets/AllIn1SpriteShader/Demo/Materials/DemoGradient.mat
  artifactKey: Guid(473fd0e814452c4488d6794c3f24dff1) Importer(815301076,1909f56bfc062723c751e8b465ee728b)
Start importing Assets/AllIn1SpriteShader/Demo/Materials/DemoGradient.mat using Guid(473fd0e814452c4488d6794c3f24dff1) Importer(815301076,1909f56bfc062723c751e8b465ee728b)  -> (artifact id: 'bb44e7837299caefea068c1c01562ff3') in 0.047943 seconds 
========================================================================
Received Import Request.
  Time since last request: 0.000284 seconds.
  path: Assets/AllIn1SpriteShader/Demo/Materials/Shield.mat
  artifactKey: Guid(4396a2d1265c9414e810fdf77d8238b5) Importer(815301076,1909f56bfc062723c751e8b465ee728b)
Start importing Assets/AllIn1SpriteShader/Demo/Materials/Shield.mat using Guid(4396a2d1265c9414e810fdf77d8238b5) Importer(815301076,1909f56bfc062723c751e8b465ee728b)  -> (artifact id: '3733d4785a3d254739220248a40f6318') in 0.044952 seconds 
========================================================================
Received Import Request.
  Time since last request: 0.000243 seconds.
  path: Assets/AllIn1SpriteShader/Demo/Materials/Outline1.mat
  artifactKey: Guid(2fff2435ee99439438c463e2ce768283) Importer(815301076,1909f56bfc062723c751e8b465ee728b)
Start importing Assets/AllIn1SpriteShader/Demo/Materials/Outline1.mat using Guid(2fff2435ee99439438c463e2ce768283) Importer(815301076,1909f56bfc062723c751e8b465ee728b)  -> (artifact id: 'bd9bda4ce287ef8f3877500140902464') in 0.035382 seconds 
========================================================================
Received Import Request.
  Time since last request: 0.000319 seconds.
  path: Assets/AllIn1SpriteShader/Demo/Materials/Sparks.mat
  artifactKey: Guid(e2fd28a60d223ba4cb25e286da19b13a) Importer(815301076,1909f56bfc062723c751e8b465ee728b)
Start importing Assets/AllIn1SpriteShader/Demo/Materials/Sparks.mat using Guid(e2fd28a60d223ba4cb25e286da19b13a) Importer(815301076,1909f56bfc062723c751e8b465ee728b)  -> (artifact id: '7a4aac47ec6cc179ab38dec5bec53654') in 0.009586 seconds 
========================================================================
Received Import Request.
  Time since last request: 0.000228 seconds.
  path: Assets/AllIn1SpriteShader/Demo/Materials/Ice.mat
  artifactKey: Guid(e4599046180b0ac49b3df99ab01b3e27) Importer(815301076,1909f56bfc062723c751e8b465ee728b)
Start importing Assets/AllIn1SpriteShader/Demo/Materials/Ice.mat using Guid(e4599046180b0ac49b3df99ab01b3e27) Importer(815301076,1909f56bfc062723c751e8b465ee728b)  -> (artifact id: '207f2ec8007192f2a406d243c5eb688b') in 0.043079 seconds 
========================================================================
Received Import Request.
  Time since last request: 0.000168 seconds.
  path: Assets/AllIn1SpriteShader/Demo/Materials/FireSoldier.mat
  artifactKey: Guid(cd0693e274874cc4f8ffd67a41ebe801) Importer(815301076,1909f56bfc062723c751e8b465ee728b)
Start importing Assets/AllIn1SpriteShader/Demo/Materials/FireSoldier.mat using Guid(cd0693e274874cc4f8ffd67a41ebe801) Importer(815301076,1909f56bfc062723c751e8b465ee728b)  -> (artifact id: 'a3d993342f01e6a6647ea90b7f018f2f') in 0.033987 seconds 
========================================================================
Received Import Request.
  Time since last request: 5.522035 seconds.
  path: Assets/AllIn1SpriteShader/Scripts
  artifactKey: Guid(4e5ef1ce32696cd4c8ddbe3e0e172819) Importer(815301076,1909f56bfc062723c751e8b465ee728b)
Start importing Assets/AllIn1SpriteShader/Scripts using Guid(4e5ef1ce32696cd4c8ddbe3e0e172819) Importer(815301076,1909f56bfc062723c751e8b465ee728b)  -> (artifact id: '5e5c5627625157adbb72f5012f4bb01b') in 0.005059 seconds 
========================================================================
Received Import Request.
  Time since last request: 0.550687 seconds.
  path: Assets/AllIn1SpriteShader/Resources
  artifactKey: Guid(9e1c9c4c494c23041897e13ab5bacecb) Importer(815301076,1909f56bfc062723c751e8b465ee728b)
Start importing Assets/AllIn1SpriteShader/Resources using Guid(9e1c9c4c494c23041897e13ab5bacecb) Importer(815301076,1909f56bfc062723c751e8b465ee728b)  -> (artifact id: '8396ea2b42f331b73c552acd8b558d0a') in 0.005237 seconds 
========================================================================
Received Import Request.
  Time since last request: 64.764021 seconds.
  path: Assets/AllIn1SpriteShader/Demo/Fonts/CaviarDreams.ttf
  artifactKey: Guid(8125849ac2a1e6742b3cad98aa210e2d) Importer(815301076,1909f56bfc062723c751e8b465ee728b)
Start importing Assets/AllIn1SpriteShader/Demo/Fonts/CaviarDreams.ttf using Guid(8125849ac2a1e6742b3cad98aa210e2d) Importer(815301076,1909f56bfc062723c751e8b465ee728b)  -> (artifact id: '65b4d534a9073d153caf3cc901017b41') in 0.051185 seconds 
========================================================================
Received Import Request.
  Time since last request: 0.000142 seconds.
  path: Assets/AllIn1SpriteShader/Demo/Fonts/CaviarDreams_Bold.ttf
  artifactKey: Guid(868b1fc2a144d3d459c5f34d64b52eb0) Importer(815301076,1909f56bfc062723c751e8b465ee728b)
Start importing Assets/AllIn1SpriteShader/Demo/Fonts/CaviarDreams_Bold.ttf using Guid(868b1fc2a144d3d459c5f34d64b52eb0) Importer(815301076,1909f56bfc062723c751e8b465ee728b)  -> (artifact id: 'e35daf99cd0ca40efe98996a14c7d923') in 0.012901 seconds 
========================================================================
Received Import Request.
  Time since last request: 0.000138 seconds.
  path: Assets/AllIn1SpriteShader/Demo/Fonts/PoetsenOne-Regular.ttf
  artifactKey: Guid(a4e6a5491519adb45919dc87eff28e55) Importer(815301076,1909f56bfc062723c751e8b465ee728b)
Start importing Assets/AllIn1SpriteShader/Demo/Fonts/PoetsenOne-Regular.ttf using Guid(a4e6a5491519adb45919dc87eff28e55) Importer(815301076,1909f56bfc062723c751e8b465ee728b)  -> (artifact id: '5b23ce90befd50969387df0719698bd0') in 0.023158 seconds 
========================================================================
Received Import Request.
  Time since last request: 0.806231 seconds.
  path: Assets/PolygonCity/Materials/Billboard_Mat.mat
  artifactKey: Guid(53cf5c0ff424ff9458c56526516b63ec) Importer(815301076,1909f56bfc062723c751e8b465ee728b)
Start importing Assets/PolygonCity/Materials/Billboard_Mat.mat using Guid(53cf5c0ff424ff9458c56526516b63ec) Importer(815301076,1909f56bfc062723c751e8b465ee728b)  -> (artifact id: '54912883407b7d8b311bc07d37dca1d4') in 0.019680 seconds 
========================================================================
Received Import Request.
  Time since last request: 0.000143 seconds.
  path: Assets/PolygonCity/Materials/FX_Materials/Cloud_Mat.mat
  artifactKey: Guid(3635b8bf677082d4ba3e66faa1d21d73) Importer(815301076,1909f56bfc062723c751e8b465ee728b)
Start importing Assets/PolygonCity/Materials/FX_Materials/Cloud_Mat.mat using Guid(3635b8bf677082d4ba3e66faa1d21d73) Importer(815301076,1909f56bfc062723c751e8b465ee728b)  -> (artifact id: '0ae26d98d196a775a0bee165d68ea8b0') in 0.010904 seconds 
========================================================================
Received Prepare
Registering precompiled user dll's ...
Registered in 0.003343 seconds.
Begin MonoManager ReloadAssembly
Symbol file LoadedFromMemory doesn't match image C:\Users\w016525k\Documents\GitHub\GameJamTeam14\Project\GamesJamMay\Library\PackageCache\com.unity.visualscripting@1.6.1\Editor\VisualScripting.Core\Dependencies\YamlDotNet\Unity.VisualScripting.YamlDotNet.dll
Symbol file LoadedFromMemory doesn't match image C:\Users\w016525k\Documents\GitHub\GameJamTeam14\Project\GamesJamMay\Library\PackageCache\com.unity.visualscripting@1.6.1\Editor\VisualScripting.Core\Dependencies\DotNetZip\Unity.VisualScripting.IonicZip.dll
Native extension for WindowsStandalone target not found
Native extension for WebGL target not found
Refreshing native plugins compatible for Editor in 0.62 ms, found 3 plugins.
Preloading 0 native plugins for Editor in 0.00 ms.
Mono: successfully reloaded assembly
- Completed reload, in  0.802 seconds
Domain Reload Profiling:
	ReloadAssembly (802ms)
		BeginReloadAssembly (99ms)
			ExecutionOrderSort (0ms)
			DisableScriptedObjects (4ms)
			BackupInstance (0ms)
			ReleaseScriptingObjects (0ms)
			CreateAndSetChildDomain (30ms)
		EndReloadAssembly (661ms)
			LoadAssemblies (66ms)
			RebuildTransferFunctionScriptingTraits (0ms)
			SetupTypeCache (232ms)
			ReleaseScriptCaches (1ms)
			RebuildScriptCaches (28ms)
			SetupLoadedEditorAssemblies (261ms)
				LogAssemblyErrors (0ms)
				InitializePlatformSupportModulesInManaged (4ms)
				SetLoadedEditorAssemblies (0ms)
				RefreshPlugins (1ms)
				BeforeProcessingInitializeOnLoad (37ms)
				ProcessInitializeOnLoadAttributes (213ms)
				ProcessInitializeOnLoadMethodAttributes (3ms)
				AfterProcessingInitializeOnLoad (3ms)
				EditorAssembliesLoaded (0ms)
			ExecutionOrderSort2 (0ms)
			AwakeInstancesAfterBackupRestoration (12ms)
Platform modules already initialized, skipping
Refreshing native plugins compatible for Editor in 0.55 ms, found 3 plugins.
Preloading 0 native plugins for Editor in 0.00 ms.
Unloading 2983 Unused Serialized files (Serialized files now loaded: 0)
System memory in use before: 126.0 MB.
System memory in use after: 126.2 MB.

Unloading 17 unused Assets to reduce memory usage. Loaded Objects now: 3836.
Total: 2.838100 ms (FindLiveObjects: 0.186900 ms CreateObjectMapping: 0.077000 ms MarkObjects: 2.556500 ms  DeleteObjects: 0.017000 ms)

AssetImportParameters requested are different than current active one (requested -> active):
  custom:framework-win-MediaFoundation: 216162199b28c13a410421893ffa2e32 -> 
  custom:video-decoder-ogg-theora: a1e56fd34408186e4bbccfd4996cb3dc -> 
  custom:container-muxer-webm: aa71ff27fc2769a1b78a27578f13a17b -> 
  custom:container-demuxer-webm: 4f35f7cbe854078d1ac9338744f61a02 -> 
  custom:container-demuxer-ogg: 62fdf1f143b41e24485cea50d1cbac27 -> 
  custom:video-encoder-webm-vp8: eb34c28f22e8b96e1ab97ce403110664 -> 
  custom:video-decoder-webm-vp8: 9c59270c3fd7afecdb556c50c9e8de78 -> 
  custom:audio-decoder-ogg-vorbis: bf7c407c2cedff20999df2af8eb42d56 -> 
  custom:audio-encoder-webm-vorbis: bf7c407c2cedff20999df2af8eb42d56 -> 
========================================================================
Received Import Request.
  Time since last request: 117.849241 seconds.
  path: Assets/AllIn1SpriteShader/Materials/StartButton.mat
  artifactKey: Guid(85f081cb8e00a40488bd18c4959bc5da) Importer(815301076,1909f56bfc062723c751e8b465ee728b)
Start importing Assets/AllIn1SpriteShader/Materials/StartButton.mat using Guid(85f081cb8e00a40488bd18c4959bc5da) Importer(815301076,1909f56bfc062723c751e8b465ee728b)  -> (artifact id: 'd48c5182803f6a2ac8c05414bbe75c41') in 0.038985 seconds 
========================================================================
Received Prepare
Registering precompiled user dll's ...
Registered in 0.003895 seconds.
Begin MonoManager ReloadAssembly
Symbol file LoadedFromMemory doesn't match image C:\Users\w016525k\Documents\GitHub\GameJamTeam14\Project\GamesJamMay\Library\PackageCache\com.unity.visualscripting@1.6.1\Editor\VisualScripting.Core\Dependencies\YamlDotNet\Unity.VisualScripting.YamlDotNet.dll
Symbol file LoadedFromMemory doesn't match image C:\Users\w016525k\Documents\GitHub\GameJamTeam14\Project\GamesJamMay\Library\PackageCache\com.unity.visualscripting@1.6.1\Editor\VisualScripting.Core\Dependencies\DotNetZip\Unity.VisualScripting.IonicZip.dll
Native extension for WindowsStandalone target not found
Native extension for WebGL target not found
Refreshing native plugins compatible for Editor in 0.61 ms, found 3 plugins.
Preloading 0 native plugins for Editor in 0.00 ms.
Mono: successfully reloaded assembly
- Completed reload, in  0.881 seconds
Domain Reload Profiling:
	ReloadAssembly (881ms)
		BeginReloadAssembly (110ms)
			ExecutionOrderSort (0ms)
			DisableScriptedObjects (4ms)
			BackupInstance (0ms)
			ReleaseScriptingObjects (0ms)
			CreateAndSetChildDomain (28ms)
		EndReloadAssembly (727ms)
			LoadAssemblies (71ms)
			RebuildTransferFunctionScriptingTraits (0ms)
			SetupTypeCache (230ms)
			ReleaseScriptCaches (1ms)
			RebuildScriptCaches (30ms)
			SetupLoadedEditorAssemblies (315ms)
				LogAssemblyErrors (0ms)
				InitializePlatformSupportModulesInManaged (5ms)
				SetLoadedEditorAssemblies (0ms)
				RefreshPlugins (1ms)
				BeforeProcessingInitializeOnLoad (48ms)
				ProcessInitializeOnLoadAttributes (256ms)
				ProcessInitializeOnLoadMethodAttributes (3ms)
				AfterProcessingInitializeOnLoad (3ms)
				EditorAssembliesLoaded (0ms)
			ExecutionOrderSort2 (0ms)
			AwakeInstancesAfterBackupRestoration (13ms)
Platform modules already initialized, skipping
Refreshing native plugins compatible for Editor in 0.59 ms, found 3 plugins.
Preloading 0 native plugins for Editor in 0.00 ms.
Unloading 2963 Unused Serialized files (Serialized files now loaded: 0)
System memory in use before: 124.9 MB.
System memory in use after: 125.1 MB.

Unloading 17 unused Assets to reduce memory usage. Loaded Objects now: 3841.
Total: 2.458600 ms (FindLiveObjects: 0.207300 ms CreateObjectMapping: 0.084400 ms MarkObjects: 2.148300 ms  DeleteObjects: 0.017500 ms)

AssetImportParameters requested are different than current active one (requested -> active):
  custom:framework-win-MediaFoundation: 216162199b28c13a410421893ffa2e32 -> 
  custom:video-decoder-ogg-theora: a1e56fd34408186e4bbccfd4996cb3dc -> 
  custom:container-muxer-webm: aa71ff27fc2769a1b78a27578f13a17b -> 
  custom:container-demuxer-webm: 4f35f7cbe854078d1ac9338744f61a02 -> 
  custom:container-demuxer-ogg: 62fdf1f143b41e24485cea50d1cbac27 -> 
  custom:video-encoder-webm-vp8: eb34c28f22e8b96e1ab97ce403110664 -> 
  custom:video-decoder-webm-vp8: 9c59270c3fd7afecdb556c50c9e8de78 -> 
  custom:audio-decoder-ogg-vorbis: bf7c407c2cedff20999df2af8eb42d56 -> 
  custom:audio-encoder-webm-vorbis: bf7c407c2cedff20999df2af8eb42d56 -> 
========================================================================
Received Import Request.
  Time since last request: 195.459707 seconds.
  path: Assets/Menu/Warp.cs
  artifactKey: Guid(feb97025705cbbf4ba54dc5aec6b95df) Importer(815301076,1909f56bfc062723c751e8b465ee728b)
Start importing Assets/Menu/Warp.cs using Guid(feb97025705cbbf4ba54dc5aec6b95df) Importer(815301076,1909f56bfc062723c751e8b465ee728b)  -> (artifact id: '3b27a9e29aa5dc6ccae289cdac4a3376') in 0.007768 seconds 
========================================================================
Received Prepare
Registering precompiled user dll's ...
Registered in 0.003438 seconds.
Begin MonoManager ReloadAssembly
Symbol file LoadedFromMemory doesn't match image C:\Users\w016525k\Documents\GitHub\GameJamTeam14\Project\GamesJamMay\Library\PackageCache\com.unity.visualscripting@1.6.1\Editor\VisualScripting.Core\Dependencies\YamlDotNet\Unity.VisualScripting.YamlDotNet.dll
Symbol file LoadedFromMemory doesn't match image C:\Users\w016525k\Documents\GitHub\GameJamTeam14\Project\GamesJamMay\Library\PackageCache\com.unity.visualscripting@1.6.1\Editor\VisualScripting.Core\Dependencies\DotNetZip\Unity.VisualScripting.IonicZip.dll
Native extension for WindowsStandalone target not found
Native extension for WebGL target not found
Refreshing native plugins compatible for Editor in 0.83 ms, found 3 plugins.
Preloading 0 native plugins for Editor in 0.00 ms.
Mono: successfully reloaded assembly
- Completed reload, in  0.779 seconds
Domain Reload Profiling:
	ReloadAssembly (780ms)
		BeginReloadAssembly (94ms)
			ExecutionOrderSort (0ms)
			DisableScriptedObjects (6ms)
			BackupInstance (0ms)
			ReleaseScriptingObjects (0ms)
			CreateAndSetChildDomain (26ms)
		EndReloadAssembly (643ms)
			LoadAssemblies (60ms)
			RebuildTransferFunctionScriptingTraits (0ms)
			SetupTypeCache (223ms)
			ReleaseScriptCaches (1ms)
			RebuildScriptCaches (26ms)
			SetupLoadedEditorAssemblies (252ms)
				LogAssemblyErrors (0ms)
				InitializePlatformSupportModulesInManaged (5ms)
				SetLoadedEditorAssemblies (0ms)
				RefreshPlugins (1ms)
				BeforeProcessingInitializeOnLoad (39ms)
				ProcessInitializeOnLoadAttributes (201ms)
				ProcessInitializeOnLoadMethodAttributes (3ms)
				AfterProcessingInitializeOnLoad (3ms)
				EditorAssembliesLoaded (0ms)
			ExecutionOrderSort2 (0ms)
			AwakeInstancesAfterBackupRestoration (15ms)
Platform modules already initialized, skipping
Refreshing native plugins compatible for Editor in 0.88 ms, found 3 plugins.
Preloading 0 native plugins for Editor in 0.00 ms.
Unloading 2963 Unused Serialized files (Serialized files now loaded: 0)
System memory in use before: 124.9 MB.
System memory in use after: 125.1 MB.

Unloading 17 unused Assets to reduce memory usage. Loaded Objects now: 3844.
Total: 2.387900 ms (FindLiveObjects: 0.199600 ms CreateObjectMapping: 0.084200 ms MarkObjects: 2.087300 ms  DeleteObjects: 0.015100 ms)

AssetImportParameters requested are different than current active one (requested -> active):
  custom:framework-win-MediaFoundation: 216162199b28c13a410421893ffa2e32 -> 
  custom:video-decoder-ogg-theora: a1e56fd34408186e4bbccfd4996cb3dc -> 
  custom:container-muxer-webm: aa71ff27fc2769a1b78a27578f13a17b -> 
  custom:container-demuxer-webm: 4f35f7cbe854078d1ac9338744f61a02 -> 
  custom:container-demuxer-ogg: 62fdf1f143b41e24485cea50d1cbac27 -> 
  custom:video-encoder-webm-vp8: eb34c28f22e8b96e1ab97ce403110664 -> 
  custom:video-decoder-webm-vp8: 9c59270c3fd7afecdb556c50c9e8de78 -> 
  custom:audio-decoder-ogg-vorbis: bf7c407c2cedff20999df2af8eb42d56 -> 
  custom:audio-encoder-webm-vorbis: bf7c407c2cedff20999df2af8eb42d56 -> 
========================================================================
Received Import Request.
  Time since last request: 179.311758 seconds.
  path: Assets/Animations/StartButton.controller
  artifactKey: Guid(9ed1ada968a65224786b5039224caacf) Importer(815301076,1909f56bfc062723c751e8b465ee728b)
Start importing Assets/Animations/StartButton.controller using Guid(9ed1ada968a65224786b5039224caacf) Importer(815301076,1909f56bfc062723c751e8b465ee728b)  -> (artifact id: '4bd84e7361d735b72575dff48d2a27dc') in 0.016171 seconds 
========================================================================
Received Prepare
Registering precompiled user dll's ...
Registered in 0.003197 seconds.
Begin MonoManager ReloadAssembly
Symbol file LoadedFromMemory doesn't match image C:\Users\w016525k\Documents\GitHub\GameJamTeam14\Project\GamesJamMay\Library\PackageCache\com.unity.visualscripting@1.6.1\Editor\VisualScripting.Core\Dependencies\YamlDotNet\Unity.VisualScripting.YamlDotNet.dll
Symbol file LoadedFromMemory doesn't match image C:\Users\w016525k\Documents\GitHub\GameJamTeam14\Project\GamesJamMay\Library\PackageCache\com.unity.visualscripting@1.6.1\Editor\VisualScripting.Core\Dependencies\DotNetZip\Unity.VisualScripting.IonicZip.dll
Native extension for WindowsStandalone target not found
Native extension for WebGL target not found
Refreshing native plugins compatible for Editor in 0.55 ms, found 3 plugins.
Preloading 0 native plugins for Editor in 0.00 ms.
Mono: successfully reloaded assembly
- Completed reload, in  0.738 seconds
Domain Reload Profiling:
	ReloadAssembly (738ms)
		BeginReloadAssembly (92ms)
			ExecutionOrderSort (0ms)
			DisableScriptedObjects (7ms)
			BackupInstance (0ms)
			ReleaseScriptingObjects (0ms)
			CreateAndSetChildDomain (31ms)
		EndReloadAssembly (607ms)
			LoadAssemblies (60ms)
			RebuildTransferFunctionScriptingTraits (0ms)
			SetupTypeCache (204ms)
			ReleaseScriptCaches (1ms)
			RebuildScriptCaches (25ms)
			SetupLoadedEditorAssemblies (252ms)
				LogAssemblyErrors (0ms)
				InitializePlatformSupportModulesInManaged (4ms)
				SetLoadedEditorAssemblies (0ms)
				RefreshPlugins (1ms)
				BeforeProcessingInitializeOnLoad (36ms)
				ProcessInitializeOnLoadAttributes (206ms)
				ProcessInitializeOnLoadMethodAttributes (2ms)
				AfterProcessingInitializeOnLoad (3ms)
				EditorAssembliesLoaded (0ms)
			ExecutionOrderSort2 (0ms)
			AwakeInstancesAfterBackupRestoration (11ms)
Platform modules already initialized, skipping
Refreshing native plugins compatible for Editor in 0.54 ms, found 3 plugins.
Preloading 0 native plugins for Editor in 0.00 ms.
Unloading 2963 Unused Serialized files (Serialized files now loaded: 0)
System memory in use before: 124.9 MB.
System memory in use after: 125.2 MB.

Unloading 17 unused Assets to reduce memory usage. Loaded Objects now: 3847.
Total: 2.616800 ms (FindLiveObjects: 0.192700 ms CreateObjectMapping: 0.092100 ms MarkObjects: 2.317300 ms  DeleteObjects: 0.014000 ms)

AssetImportParameters requested are different than current active one (requested -> active):
  custom:framework-win-MediaFoundation: 216162199b28c13a410421893ffa2e32 -> 
  custom:video-decoder-ogg-theora: a1e56fd34408186e4bbccfd4996cb3dc -> 
  custom:container-muxer-webm: aa71ff27fc2769a1b78a27578f13a17b -> 
  custom:container-demuxer-webm: 4f35f7cbe854078d1ac9338744f61a02 -> 
  custom:container-demuxer-ogg: 62fdf1f143b41e24485cea50d1cbac27 -> 
  custom:video-encoder-webm-vp8: eb34c28f22e8b96e1ab97ce403110664 -> 
  custom:video-decoder-webm-vp8: 9c59270c3fd7afecdb556c50c9e8de78 -> 
  custom:audio-decoder-ogg-vorbis: bf7c407c2cedff20999df2af8eb42d56 -> 
  custom:audio-encoder-webm-vorbis: bf7c407c2cedff20999df2af8eb42d56 -> 
AssetImportWorkerClient::OnTransportError - code=2 error=End of file
