Using pre-set license
Built from '2021.1/staging' branch; Version is '2021.1.17f1 (03b40fe07a36) revision 242703'; Using compiler version '192528614'; Build Type 'Release'
OS: 'Windows 10 Enterprise; OS build 19044.1706; Version 2009; 64bit' Language: 'en' Physical Memory: 32512 MB
BatchMode: 1, IsHumanControllingUs: 0, StartBugReporterOnCrash: 0, Is64bit: 1, IsPro: 0

 COMMAND LINE ARGUMENTS:
C:\Program Files\Unity 2021.1.17f1\Editor\Unity.exe
-adb2
-batchMode
-noUpm
-name
AssetImportWorker0
-projectPath
C:/Users/w016525k/Documents/GitHub/GameJamTeam14/Project/GamesJamMay
-logFile
Logs/AssetImportWorker0.log
-srvPort
57452
Successfully changed project path to: C:/Users/w016525k/Documents/GitHub/GameJamTeam14/Project/GamesJamMay
C:/Users/w016525k/Documents/GitHub/GameJamTeam14/Project/GamesJamMay
Using Asset Import Pipeline V2.
Refreshing native plugins compatible for Editor in 89.12 ms, found 3 plugins.
Preloading 0 native plugins for Editor in 0.00 ms.
Initialize engine version: 2021.1.17f1 (03b40fe07a36)
[Subsystems] Discovering subsystems at path C:/Program Files/Unity 2021.1.17f1/Editor/Data/Resources/UnitySubsystems
[Subsystems] Discovering subsystems at path C:/Users/w016525k/Documents/GitHub/GameJamTeam14/Project/GamesJamMay/Assets
GfxDevice: creating device client; threaded=0; jobified=0
Direct3D:
    Version:  Direct3D 11.0 [level 11.1]
    Renderer: NVIDIA GeForce RTX 3080 (ID=0x2206)
    Vendor:   NVIDIA
    VRAM:     10078 MB
    Driver:   30.0.15.1165
Initialize mono
Mono path[0] = 'C:/Program Files/Unity 2021.1.17f1/Editor/Data/Managed'
Mono path[1] = 'C:/Program Files/Unity 2021.1.17f1/Editor/Data/MonoBleedingEdge/lib/mono/unityjit'
Mono config path = 'C:/Program Files/Unity 2021.1.17f1/Editor/Data/MonoBleedingEdge/etc'
Using monoOptions --debugger-agent=transport=dt_socket,embedding=1,server=y,suspend=n,address=127.0.0.1:56944
Begin MonoManager ReloadAssembly
Registering precompiled unity dll's ...
Register platform support module: C:/Program Files/Unity 2021.1.17f1/Editor/Data/PlaybackEngines/WebGLSupport/UnityEditor.WebGL.Extensions.dll
Register platform support module: C:/Program Files/Unity 2021.1.17f1/Editor/Data/PlaybackEngines/WindowsStandaloneSupport/UnityEditor.WindowsStandalone.Extensions.dll
Registered in 0.001274 seconds.
Native extension for WindowsStandalone target not found
Native extension for WebGL target not found
Refreshing native plugins compatible for Editor in 80.62 ms, found 3 plugins.
Preloading 0 native plugins for Editor in 0.00 ms.
Mono: successfully reloaded assembly
- Completed reload, in  0.921 seconds
Domain Reload Profiling:
	ReloadAssembly (921ms)
		BeginReloadAssembly (51ms)
			ExecutionOrderSort (0ms)
			DisableScriptedObjects (0ms)
			BackupInstance (0ms)
			ReleaseScriptingObjects (0ms)
			CreateAndSetChildDomain (1ms)
		EndReloadAssembly (388ms)
			LoadAssemblies (49ms)
			RebuildTransferFunctionScriptingTraits (0ms)
			SetupTypeCache (129ms)
			ReleaseScriptCaches (0ms)
			RebuildScriptCaches (22ms)
			SetupLoadedEditorAssemblies (200ms)
				LogAssemblyErrors (0ms)
				InitializePlatformSupportModulesInManaged (6ms)
				SetLoadedEditorAssemblies (0ms)
				RefreshPlugins (81ms)
				BeforeProcessingInitializeOnLoad (1ms)
				ProcessInitializeOnLoadAttributes (88ms)
				ProcessInitializeOnLoadMethodAttributes (24ms)
				AfterProcessingInitializeOnLoad (0ms)
				EditorAssembliesLoaded (0ms)
			ExecutionOrderSort2 (0ms)
			AwakeInstancesAfterBackupRestoration (0ms)
Platform modules already initialized, skipping
Registering precompiled user dll's ...
Registered in 0.003556 seconds.
Begin MonoManager ReloadAssembly
Symbol file LoadedFromMemory doesn't match image C:\Users\w016525k\Documents\GitHub\GameJamTeam14\Project\GamesJamMay\Library\PackageCache\com.unity.visualscripting@1.6.1\Editor\VisualScripting.Core\Dependencies\YamlDotNet\Unity.VisualScripting.YamlDotNet.dll
Symbol file LoadedFromMemory doesn't match image C:\Users\w016525k\Documents\GitHub\GameJamTeam14\Project\GamesJamMay\Library\PackageCache\com.unity.visualscripting@1.6.1\Editor\VisualScripting.Core\Dependencies\DotNetZip\Unity.VisualScripting.IonicZip.dll
Native extension for WindowsStandalone target not found
Native extension for WebGL target not found
Refreshing native plugins compatible for Editor in 0.73 ms, found 3 plugins.
Preloading 0 native plugins for Editor in 0.00 ms.
Mono: successfully reloaded assembly
- Completed reload, in  0.965 seconds
Domain Reload Profiling:
	ReloadAssembly (966ms)
		BeginReloadAssembly (117ms)
			ExecutionOrderSort (0ms)
			DisableScriptedObjects (3ms)
			BackupInstance (0ms)
			ReleaseScriptingObjects (0ms)
			CreateAndSetChildDomain (18ms)
		EndReloadAssembly (802ms)
			LoadAssemblies (72ms)
			RebuildTransferFunctionScriptingTraits (0ms)
			SetupTypeCache (262ms)
			ReleaseScriptCaches (0ms)
			RebuildScriptCaches (38ms)
			SetupLoadedEditorAssemblies (361ms)
				LogAssemblyErrors (0ms)
				InitializePlatformSupportModulesInManaged (5ms)
				SetLoadedEditorAssemblies (0ms)
				RefreshPlugins (1ms)
				BeforeProcessingInitializeOnLoad (54ms)
				ProcessInitializeOnLoadAttributes (293ms)
				ProcessInitializeOnLoadMethodAttributes (4ms)
				AfterProcessingInitializeOnLoad (4ms)
				EditorAssembliesLoaded (0ms)
			ExecutionOrderSort2 (0ms)
			AwakeInstancesAfterBackupRestoration (6ms)
Platform modules already initialized, skipping
========================================================================
Worker process is ready to serve import requests
Launched and connected shader compiler UnityShaderCompiler.exe after 0.05 seconds
Refreshing native plugins compatible for Editor in 0.57 ms, found 3 plugins.
Preloading 0 native plugins for Editor in 0.00 ms.
Unloading 2975 Unused Serialized files (Serialized files now loaded: 0)
System memory in use before: 109.7 MB.
System memory in use after: 109.9 MB.

Unloading 22 unused Assets to reduce memory usage. Loaded Objects now: 3422.
Total: 3.097200 ms (FindLiveObjects: 0.195400 ms CreateObjectMapping: 0.144900 ms MarkObjects: 2.694300 ms  DeleteObjects: 0.061600 ms)

AssetImportParameters requested are different than current active one (requested -> active):
  custom:framework-win-MediaFoundation: 216162199b28c13a410421893ffa2e32 -> 
  custom:video-decoder-ogg-theora: a1e56fd34408186e4bbccfd4996cb3dc -> 
  custom:container-muxer-webm: aa71ff27fc2769a1b78a27578f13a17b -> 
  custom:container-demuxer-webm: 4f35f7cbe854078d1ac9338744f61a02 -> 
  custom:container-demuxer-ogg: 62fdf1f143b41e24485cea50d1cbac27 -> 
  custom:video-encoder-webm-vp8: eb34c28f22e8b96e1ab97ce403110664 -> 
  custom:video-decoder-webm-vp8: 9c59270c3fd7afecdb556c50c9e8de78 -> 
  custom:audio-decoder-ogg-vorbis: bf7c407c2cedff20999df2af8eb42d56 -> 
  custom:audio-encoder-webm-vorbis: bf7c407c2cedff20999df2af8eb42d56 -> 
========================================================================
Received Import Request.
  path: Assets/AllIn1SpriteShader/Materials/EmptyMaterial.mat
  artifactKey: Guid(cc460e5b1c6c0bd498b44195a0c3da99) Importer(815301076,1909f56bfc062723c751e8b465ee728b)
Start importing Assets/AllIn1SpriteShader/Materials/EmptyMaterial.mat using Guid(cc460e5b1c6c0bd498b44195a0c3da99) Importer(815301076,1909f56bfc062723c751e8b465ee728b)  -> (artifact id: 'e1bd5f90089aff1a50fa7fb6a5cef4af') in 0.087437 seconds 
========================================================================
Received Import Request.
  Time since last request: 0.000308 seconds.
  path: Assets/AllIn1SpriteShader/Materials/StartButton.mat
  artifactKey: Guid(85f081cb8e00a40488bd18c4959bc5da) Importer(815301076,1909f56bfc062723c751e8b465ee728b)
Start importing Assets/AllIn1SpriteShader/Materials/StartButton.mat using Guid(85f081cb8e00a40488bd18c4959bc5da) Importer(815301076,1909f56bfc062723c751e8b465ee728b)  -> (artifact id: '41fdf97a7744f050c7d807163f798e70') in 0.013064 seconds 
========================================================================
Received Prepare
Refreshing native plugins compatible for Editor in 3.89 ms, found 3 plugins.
Preloading 0 native plugins for Editor in 0.00 ms.
Unloading 15 Unused Serialized files (Serialized files now loaded: 0)
System memory in use before: 54.7 MB.
System memory in use after: 55.0 MB.

Unloading 15 unused Assets to reduce memory usage. Loaded Objects now: 3462.
Total: 5.185100 ms (FindLiveObjects: 0.230200 ms CreateObjectMapping: 0.108400 ms MarkObjects: 4.817200 ms  DeleteObjects: 0.027900 ms)

AssetImportParameters requested are different than current active one (requested -> active):
  custom:framework-win-MediaFoundation: 216162199b28c13a410421893ffa2e32 -> 
  custom:video-decoder-ogg-theora: a1e56fd34408186e4bbccfd4996cb3dc -> 
  custom:container-muxer-webm: aa71ff27fc2769a1b78a27578f13a17b -> 
  custom:container-demuxer-webm: 4f35f7cbe854078d1ac9338744f61a02 -> 
  custom:container-demuxer-ogg: 62fdf1f143b41e24485cea50d1cbac27 -> 
  custom:video-encoder-webm-vp8: eb34c28f22e8b96e1ab97ce403110664 -> 
  custom:video-decoder-webm-vp8: 9c59270c3fd7afecdb556c50c9e8de78 -> 
  custom:audio-decoder-ogg-vorbis: bf7c407c2cedff20999df2af8eb42d56 -> 
  custom:audio-encoder-webm-vorbis: bf7c407c2cedff20999df2af8eb42d56 -> 
========================================================================
Received Prepare
Registering precompiled user dll's ...
Registered in 0.003232 seconds.
Begin MonoManager ReloadAssembly
Symbol file LoadedFromMemory doesn't match image C:\Users\w016525k\Documents\GitHub\GameJamTeam14\Project\GamesJamMay\Library\PackageCache\com.unity.visualscripting@1.6.1\Editor\VisualScripting.Core\Dependencies\YamlDotNet\Unity.VisualScripting.YamlDotNet.dll
Symbol file LoadedFromMemory doesn't match image C:\Users\w016525k\Documents\GitHub\GameJamTeam14\Project\GamesJamMay\Library\PackageCache\com.unity.visualscripting@1.6.1\Editor\VisualScripting.Core\Dependencies\DotNetZip\Unity.VisualScripting.IonicZip.dll
Native extension for WindowsStandalone target not found
Native extension for WebGL target not found
Refreshing native plugins compatible for Editor in 0.83 ms, found 3 plugins.
Preloading 0 native plugins for Editor in 0.00 ms.
Mono: successfully reloaded assembly
- Completed reload, in  0.744 seconds
Domain Reload Profiling:
	ReloadAssembly (745ms)
		BeginReloadAssembly (95ms)
			ExecutionOrderSort (0ms)
			DisableScriptedObjects (3ms)
			BackupInstance (0ms)
			ReleaseScriptingObjects (0ms)
			CreateAndSetChildDomain (30ms)
		EndReloadAssembly (610ms)
			LoadAssemblies (62ms)
			RebuildTransferFunctionScriptingTraits (0ms)
			SetupTypeCache (206ms)
			ReleaseScriptCaches (1ms)
			RebuildScriptCaches (25ms)
			SetupLoadedEditorAssemblies (261ms)
				LogAssemblyErrors (0ms)
				InitializePlatformSupportModulesInManaged (4ms)
				SetLoadedEditorAssemblies (0ms)
				RefreshPlugins (1ms)
				BeforeProcessingInitializeOnLoad (37ms)
				ProcessInitializeOnLoadAttributes (212ms)
				ProcessInitializeOnLoadMethodAttributes (3ms)
				AfterProcessingInitializeOnLoad (3ms)
				EditorAssembliesLoaded (0ms)
			ExecutionOrderSort2 (0ms)
			AwakeInstancesAfterBackupRestoration (5ms)
Platform modules already initialized, skipping
Refreshing native plugins compatible for Editor in 0.60 ms, found 3 plugins.
Preloading 0 native plugins for Editor in 0.00 ms.
Unloading 2966 Unused Serialized files (Serialized files now loaded: 0)
System memory in use before: 113.2 MB.
System memory in use after: 113.4 MB.

Unloading 17 unused Assets to reduce memory usage. Loaded Objects now: 3465.
Total: 3.717500 ms (FindLiveObjects: 0.164500 ms CreateObjectMapping: 0.071900 ms MarkObjects: 3.458500 ms  DeleteObjects: 0.021200 ms)

AssetImportParameters requested are different than current active one (requested -> active):
  custom:framework-win-MediaFoundation: 216162199b28c13a410421893ffa2e32 -> 
  custom:video-decoder-ogg-theora: a1e56fd34408186e4bbccfd4996cb3dc -> 
  custom:container-muxer-webm: aa71ff27fc2769a1b78a27578f13a17b -> 
  custom:container-demuxer-webm: 4f35f7cbe854078d1ac9338744f61a02 -> 
  custom:container-demuxer-ogg: 62fdf1f143b41e24485cea50d1cbac27 -> 
  custom:video-encoder-webm-vp8: eb34c28f22e8b96e1ab97ce403110664 -> 
  custom:video-decoder-webm-vp8: 9c59270c3fd7afecdb556c50c9e8de78 -> 
  custom:audio-decoder-ogg-vorbis: bf7c407c2cedff20999df2af8eb42d56 -> 
  custom:audio-encoder-webm-vorbis: bf7c407c2cedff20999df2af8eb42d56 -> 
========================================================================
Received Import Request.
  Time since last request: 783.426667 seconds.
  path: Assets/Menu/PlayButton.png
  artifactKey: Guid(b2909c8882b90414ca41c825c8586f8f) Importer(815301076,1909f56bfc062723c751e8b465ee728b)
Start importing Assets/Menu/PlayButton.png using Guid(b2909c8882b90414ca41c825c8586f8f) Importer(815301076,1909f56bfc062723c751e8b465ee728b)  -> (artifact id: 'fdabca47578c5883efc42c20f524d84b') in 0.046659 seconds 
========================================================================
Received Import Request.
  Time since last request: 3.764169 seconds.
  path: Assets/Menu/PlayButton.png
  artifactKey: Guid(b2909c8882b90414ca41c825c8586f8f) Importer(815301076,1909f56bfc062723c751e8b465ee728b)
Start importing Assets/Menu/PlayButton.png using Guid(b2909c8882b90414ca41c825c8586f8f) Importer(815301076,1909f56bfc062723c751e8b465ee728b)  -> (artifact id: 'd4af3eae59654b79ae981d81a3a24fe3') in 0.052056 seconds 
========================================================================
Received Prepare
Registering precompiled user dll's ...
Registered in 0.003013 seconds.
Begin MonoManager ReloadAssembly
Symbol file LoadedFromMemory doesn't match image C:\Users\w016525k\Documents\GitHub\GameJamTeam14\Project\GamesJamMay\Library\PackageCache\com.unity.visualscripting@1.6.1\Editor\VisualScripting.Core\Dependencies\YamlDotNet\Unity.VisualScripting.YamlDotNet.dll
Symbol file LoadedFromMemory doesn't match image C:\Users\w016525k\Documents\GitHub\GameJamTeam14\Project\GamesJamMay\Library\PackageCache\com.unity.visualscripting@1.6.1\Editor\VisualScripting.Core\Dependencies\DotNetZip\Unity.VisualScripting.IonicZip.dll
Native extension for WindowsStandalone target not found
Native extension for WebGL target not found
Refreshing native plugins compatible for Editor in 0.53 ms, found 3 plugins.
Preloading 0 native plugins for Editor in 0.00 ms.
Mono: successfully reloaded assembly
- Completed reload, in  0.744 seconds
Domain Reload Profiling:
	ReloadAssembly (745ms)
		BeginReloadAssembly (98ms)
			ExecutionOrderSort (0ms)
			DisableScriptedObjects (3ms)
			BackupInstance (0ms)
			ReleaseScriptingObjects (0ms)
			CreateAndSetChildDomain (30ms)
		EndReloadAssembly (609ms)
			LoadAssemblies (60ms)
			RebuildTransferFunctionScriptingTraits (0ms)
			SetupTypeCache (206ms)
			ReleaseScriptCaches (1ms)
			RebuildScriptCaches (26ms)
			SetupLoadedEditorAssemblies (256ms)
				LogAssemblyErrors (0ms)
				InitializePlatformSupportModulesInManaged (4ms)
				SetLoadedEditorAssemblies (0ms)
				RefreshPlugins (1ms)
				BeforeProcessingInitializeOnLoad (35ms)
				ProcessInitializeOnLoadAttributes (211ms)
				ProcessInitializeOnLoadMethodAttributes (2ms)
				AfterProcessingInitializeOnLoad (3ms)
				EditorAssembliesLoaded (0ms)
			ExecutionOrderSort2 (0ms)
			AwakeInstancesAfterBackupRestoration (9ms)
Platform modules already initialized, skipping
Refreshing native plugins compatible for Editor in 0.60 ms, found 3 plugins.
Preloading 0 native plugins for Editor in 0.00 ms.
Unloading 2967 Unused Serialized files (Serialized files now loaded: 0)
System memory in use before: 114.2 MB.
System memory in use after: 114.4 MB.

Unloading 17 unused Assets to reduce memory usage. Loaded Objects now: 3500.
Total: 2.934400 ms (FindLiveObjects: 0.224800 ms CreateObjectMapping: 0.083800 ms MarkObjects: 2.575000 ms  DeleteObjects: 0.049700 ms)

AssetImportParameters requested are different than current active one (requested -> active):
  custom:framework-win-MediaFoundation: 216162199b28c13a410421893ffa2e32 -> 
  custom:video-decoder-ogg-theora: a1e56fd34408186e4bbccfd4996cb3dc -> 
  custom:container-muxer-webm: aa71ff27fc2769a1b78a27578f13a17b -> 
  custom:container-demuxer-webm: 4f35f7cbe854078d1ac9338744f61a02 -> 
  custom:container-demuxer-ogg: 62fdf1f143b41e24485cea50d1cbac27 -> 
  custom:video-encoder-webm-vp8: eb34c28f22e8b96e1ab97ce403110664 -> 
  custom:video-decoder-webm-vp8: 9c59270c3fd7afecdb556c50c9e8de78 -> 
  custom:audio-decoder-ogg-vorbis: bf7c407c2cedff20999df2af8eb42d56 -> 
  custom:audio-encoder-webm-vorbis: bf7c407c2cedff20999df2af8eb42d56 -> 
========================================================================
Received Import Request.
  Time since last request: 156.678466 seconds.
  path: Assets/AllIn1SpriteShader/Demo/Textures/backMountain.png
  artifactKey: Guid(758ac31a9bff9ac4181f54de54a6ecb7) Importer(815301076,1909f56bfc062723c751e8b465ee728b)
Start importing Assets/AllIn1SpriteShader/Demo/Textures/backMountain.png using Guid(758ac31a9bff9ac4181f54de54a6ecb7) Importer(815301076,1909f56bfc062723c751e8b465ee728b)  -> (artifact id: '779cc83eb847dbfafc27b26bd893512d') in 0.061997 seconds 
========================================================================
Received Import Request.
  Time since last request: 0.000194 seconds.
  path: Assets/AllIn1SpriteShader/Demo/Textures/BoyGirl.png
  artifactKey: Guid(07103c52b3aaeca4da8a83361edd059f) Importer(815301076,1909f56bfc062723c751e8b465ee728b)
Start importing Assets/AllIn1SpriteShader/Demo/Textures/BoyGirl.png using Guid(07103c52b3aaeca4da8a83361edd059f) Importer(815301076,1909f56bfc062723c751e8b465ee728b)  -> (artifact id: '1787ca108143722c526fda61134c331d') in 0.048546 seconds 
========================================================================
Received Import Request.
  Time since last request: 5.273372 seconds.
  path: Assets/AllIn1SpriteShader/Demo/Textures/Circle.png
  artifactKey: Guid(4b40fc0f65c85f14fbc9c7c5f40ca686) Importer(815301076,1909f56bfc062723c751e8b465ee728b)
Start importing Assets/AllIn1SpriteShader/Demo/Textures/Circle.png using Guid(4b40fc0f65c85f14fbc9c7c5f40ca686) Importer(815301076,1909f56bfc062723c751e8b465ee728b)  -> (artifact id: 'e6844260d922da12e64edd307ab017db') in 0.012645 seconds 
========================================================================
Received Import Request.
  Time since last request: 0.000341 seconds.
  path: Assets/AllIn1SpriteShader/Demo/Textures/coals.png
  artifactKey: Guid(be304275dbf36014ca9828884588ac47) Importer(815301076,1909f56bfc062723c751e8b465ee728b)
Start importing Assets/AllIn1SpriteShader/Demo/Textures/coals.png using Guid(be304275dbf36014ca9828884588ac47) Importer(815301076,1909f56bfc062723c751e8b465ee728b)  -> (artifact id: '35f3d826a79a943e5deb09e4534e2112') in 0.013860 seconds 
========================================================================
Received Import Request.
  Time since last request: 0.411804 seconds.
  path: Assets/AllIn1SpriteShader/Demo/Textures/coalsEmissive.png
  artifactKey: Guid(487cb2374bc49b848a1f4577212201cc) Importer(815301076,1909f56bfc062723c751e8b465ee728b)
Start importing Assets/AllIn1SpriteShader/Demo/Textures/coalsEmissive.png using Guid(487cb2374bc49b848a1f4577212201cc) Importer(815301076,1909f56bfc062723c751e8b465ee728b)  -> (artifact id: '777bc6c91e4301785497f81f3485e919') in 0.016491 seconds 
========================================================================
Received Import Request.
  Time since last request: 0.014093 seconds.
  path: Assets/PolygonCity/Textures/Emissive_01.png
  artifactKey: Guid(ed8c76cfaa7f4f04da86bd288543e61c) Importer(815301076,1909f56bfc062723c751e8b465ee728b)
Start importing Assets/PolygonCity/Textures/Emissive_01.png using Guid(ed8c76cfaa7f4f04da86bd288543e61c) Importer(815301076,1909f56bfc062723c751e8b465ee728b)  -> (artifact id: '0fb8dc0c91e943ffc4d39e792a82b757') in 0.014120 seconds 
========================================================================
Received Import Request.
  Time since last request: 0.036353 seconds.
  path: Assets/PolygonCity/Textures/Emissive_02.png
  artifactKey: Guid(17ba766c1b474a645b65fcaf9fe4e017) Importer(815301076,1909f56bfc062723c751e8b465ee728b)
Start importing Assets/PolygonCity/Textures/Emissive_02.png using Guid(17ba766c1b474a645b65fcaf9fe4e017) Importer(815301076,1909f56bfc062723c751e8b465ee728b)  -> (artifact id: '1c593191030d3cdd35d509c5cb1a7e02') in 0.009326 seconds 
========================================================================
Received Import Request.
  Time since last request: 0.000175 seconds.
  path: Assets/PolygonCity/Textures/Emissive_03.png
  artifactKey: Guid(5b180a3347057294a826ebec48642b81) Importer(815301076,1909f56bfc062723c751e8b465ee728b)
Start importing Assets/PolygonCity/Textures/Emissive_03.png using Guid(5b180a3347057294a826ebec48642b81) Importer(815301076,1909f56bfc062723c751e8b465ee728b)  -> (artifact id: '748609b970bce2031e1009f9dfd32529') in 0.009041 seconds 
========================================================================
Received Import Request.
  Time since last request: 53.527408 seconds.
  path: Assets/PolygonCity/Textures/Emissive_04.png
  artifactKey: Guid(2ba1ae7111c6bd7418687fe1eae44b6a) Importer(815301076,1909f56bfc062723c751e8b465ee728b)
Start importing Assets/PolygonCity/Textures/Emissive_04.png using Guid(2ba1ae7111c6bd7418687fe1eae44b6a) Importer(815301076,1909f56bfc062723c751e8b465ee728b)  -> (artifact id: '99488c6b42dd84d25db3835a861fe7a0') in 0.011180 seconds 
========================================================================
Received Import Request.
  Time since last request: 0.000316 seconds.
  path: Assets/PolygonCity/Textures/Emissive_05.png
  artifactKey: Guid(87da7817733e9cd4cb23d782d17f0b10) Importer(815301076,1909f56bfc062723c751e8b465ee728b)
Start importing Assets/PolygonCity/Textures/Emissive_05.png using Guid(87da7817733e9cd4cb23d782d17f0b10) Importer(815301076,1909f56bfc062723c751e8b465ee728b)  -> (artifact id: '42c5111e7512d00694f17da19faa3bbd') in 0.010022 seconds 
========================================================================
Received Import Request.
  Time since last request: 2.441244 seconds.
  path: Assets/AllIn1SpriteShader/Demo/Textures/flag.png
  artifactKey: Guid(adce45105552071409c959137cb5b670) Importer(815301076,1909f56bfc062723c751e8b465ee728b)
Start importing Assets/AllIn1SpriteShader/Demo/Textures/flag.png using Guid(adce45105552071409c959137cb5b670) Importer(815301076,1909f56bfc062723c751e8b465ee728b)  -> (artifact id: '7a14874212fb699005fbd805f29cf049') in 0.013012 seconds 
========================================================================
Received Import Request.
  Time since last request: 0.719070 seconds.
  path: Assets/AllIn1SpriteShader/Demo/Textures/flameShape.png
  artifactKey: Guid(bd6f48b4407043345b1a3a07df8c4d61) Importer(815301076,1909f56bfc062723c751e8b465ee728b)
Start importing Assets/AllIn1SpriteShader/Demo/Textures/flameShape.png using Guid(bd6f48b4407043345b1a3a07df8c4d61) Importer(815301076,1909f56bfc062723c751e8b465ee728b)  -> (artifact id: '49850c2548086abcac2fbedc29a21215') in 0.015196 seconds 
========================================================================
Received Import Request.
  Time since last request: 1.128765 seconds.
  path: Assets/AllIn1SpriteShader/Textures/GradientTextures/gradientTexture_1.png
  artifactKey: Guid(7062336ff4b66994caa2ba23c8651342) Importer(815301076,1909f56bfc062723c751e8b465ee728b)
Start importing Assets/AllIn1SpriteShader/Textures/GradientTextures/gradientTexture_1.png using Guid(7062336ff4b66994caa2ba23c8651342) Importer(815301076,1909f56bfc062723c751e8b465ee728b)  -> (artifact id: '25ee1a0ecd8b14c78f69f3c6581269f0') in 0.009650 seconds 
========================================================================
Received Import Request.
  Time since last request: 0.024607 seconds.
  path: Assets/AllIn1SpriteShader/Textures/GradientTextures/gradientTexture_2.png
  artifactKey: Guid(2eb26501acf862843a55a2e79af0c3c8) Importer(815301076,1909f56bfc062723c751e8b465ee728b)
Start importing Assets/AllIn1SpriteShader/Textures/GradientTextures/gradientTexture_2.png using Guid(2eb26501acf862843a55a2e79af0c3c8) Importer(815301076,1909f56bfc062723c751e8b465ee728b)  -> (artifact id: '3878637c71040bf66d3653f9c9a85ac2') in 0.026330 seconds 
========================================================================
Received Import Request.
  Time since last request: 0.000334 seconds.
  path: Assets/AllIn1SpriteShader/Demo/Textures/grass.png
  artifactKey: Guid(cf7e1f6ebb800154db2b215cba9330ee) Importer(815301076,1909f56bfc062723c751e8b465ee728b)
Start importing Assets/AllIn1SpriteShader/Demo/Textures/grass.png using Guid(cf7e1f6ebb800154db2b215cba9330ee) Importer(815301076,1909f56bfc062723c751e8b465ee728b)  -> (artifact id: 'd1f1036ef72cb7d894d21d128bbf4ee0') in 0.052832 seconds 
========================================================================
Received Import Request.
  Time since last request: 0.000138 seconds.
  path: Assets/AllIn1SpriteShader/Demo/Textures/Magic2.png
  artifactKey: Guid(2ea3ea54c499d314f957e0a47dc11c9c) Importer(815301076,1909f56bfc062723c751e8b465ee728b)
Start importing Assets/AllIn1SpriteShader/Demo/Textures/Magic2.png using Guid(2ea3ea54c499d314f957e0a47dc11c9c) Importer(815301076,1909f56bfc062723c751e8b465ee728b)  -> (artifact id: 'b547d3ad200f5ebb1cdae554e7897eff') in 0.014744 seconds 
========================================================================
Received Import Request.
  Time since last request: 0.000171 seconds.
  path: Assets/AllIn1SpriteShader/Demo/Textures/Magic1.png
  artifactKey: Guid(7f33f36658f399a44be84455bcd911b1) Importer(815301076,1909f56bfc062723c751e8b465ee728b)
Start importing Assets/AllIn1SpriteShader/Demo/Textures/Magic1.png using Guid(7f33f36658f399a44be84455bcd911b1) Importer(815301076,1909f56bfc062723c751e8b465ee728b)  -> (artifact id: '68ac8e2be8fa194982fa1d620865ebb5') in 0.034841 seconds 
========================================================================
Received Import Request.
  Time since last request: 0.000231 seconds.
  path: Assets/AllIn1SpriteShader/Textures/GradientTextures/palette-bumbleberry.psd
  artifactKey: Guid(a9058d3dd9b9dd14cbc6b16db7859653) Importer(815301076,1909f56bfc062723c751e8b465ee728b)
Start importing Assets/AllIn1SpriteShader/Textures/GradientTextures/palette-bumbleberry.psd using Guid(a9058d3dd9b9dd14cbc6b16db7859653) Importer(815301076,1909f56bfc062723c751e8b465ee728b)  -> (artifact id: 'e29f6ba1b44958c42cf64e6d0439fadc') in 0.028621 seconds 
========================================================================
Received Import Request.
  Time since last request: 0.000199 seconds.
  path: Assets/AllIn1SpriteShader/Demo/Textures/IceTexture.png
  artifactKey: Guid(49cc75da86b2bb949b1235ad2a384f9b) Importer(815301076,1909f56bfc062723c751e8b465ee728b)
Start importing Assets/AllIn1SpriteShader/Demo/Textures/IceTexture.png using Guid(49cc75da86b2bb949b1235ad2a384f9b) Importer(815301076,1909f56bfc062723c751e8b465ee728b)  -> (artifact id: '2bae57890488d471f6778065302688b2') in 0.031517 seconds 
========================================================================
Received Import Request.
  Time since last request: 0.236959 seconds.
  path: Assets/AllIn1SpriteShader/Textures/GradientTextures/palette-cool.psd
  artifactKey: Guid(bf981ecbfe649344eafdbc788f6dab0f) Importer(815301076,1909f56bfc062723c751e8b465ee728b)
Start importing Assets/AllIn1SpriteShader/Textures/GradientTextures/palette-cool.psd using Guid(bf981ecbfe649344eafdbc788f6dab0f) Importer(815301076,1909f56bfc062723c751e8b465ee728b)  -> (artifact id: '67b21b394931e5bb822c3ac8cb0ded53') in 0.010568 seconds 
========================================================================
Received Import Request.
  Time since last request: 0.000287 seconds.
  path: Assets/AllIn1SpriteShader/Textures/GradientTextures/palette-downwell.png
  artifactKey: Guid(279657edc397ece4b8029c727adf6ddc) Importer(815301076,1909f56bfc062723c751e8b465ee728b)
Start importing Assets/AllIn1SpriteShader/Textures/GradientTextures/palette-downwell.png using Guid(279657edc397ece4b8029c727adf6ddc) Importer(815301076,1909f56bfc062723c751e8b465ee728b)  -> (artifact id: 'acb6ea623ffae3494157d7bae1c439f2') in 0.010614 seconds 
========================================================================
Received Import Request.
  Time since last request: 0.017228 seconds.
  path: Assets/AllIn1SpriteShader/Textures/GradientTextures/palette-earthy.psd
  artifactKey: Guid(b3cfc9bf16a1cfa4ab153965dff63ad3) Importer(815301076,1909f56bfc062723c751e8b465ee728b)
Start importing Assets/AllIn1SpriteShader/Textures/GradientTextures/palette-earthy.psd using Guid(b3cfc9bf16a1cfa4ab153965dff63ad3) Importer(815301076,1909f56bfc062723c751e8b465ee728b)  -> (artifact id: 'c79dba1d028bdd0a1dbca1dd9d64f0e9') in 0.009758 seconds 
========================================================================
Received Import Request.
  Time since last request: 0.000282 seconds.
  path: Assets/AllIn1SpriteShader/Textures/GradientTextures/palette-gameboy.psd
  artifactKey: Guid(285a35f6ccf7b1a44b6c198e96105173) Importer(815301076,1909f56bfc062723c751e8b465ee728b)
Start importing Assets/AllIn1SpriteShader/Textures/GradientTextures/palette-gameboy.psd using Guid(285a35f6ccf7b1a44b6c198e96105173) Importer(815301076,1909f56bfc062723c751e8b465ee728b)  -> (artifact id: 'b4958ab3622ce6f38d819e05e5302086') in 0.009079 seconds 
========================================================================
Received Import Request.
  Time since last request: 0.055676 seconds.
  path: Assets/AllIn1SpriteShader/Textures/GradientTextures/palette-gameboy-pop-1x.png
  artifactKey: Guid(763e13699209a614b8800c76fc9dee48) Importer(815301076,1909f56bfc062723c751e8b465ee728b)
Start importing Assets/AllIn1SpriteShader/Textures/GradientTextures/palette-gameboy-pop-1x.png using Guid(763e13699209a614b8800c76fc9dee48) Importer(815301076,1909f56bfc062723c751e8b465ee728b)  -> (artifact id: 'fcb4dc4a5d8cc60c3a21a08872840a8f') in 0.009106 seconds 
========================================================================
Received Import Request.
  Time since last request: 0.000303 seconds.
  path: Assets/AllIn1SpriteShader/Textures/GradientTextures/palette-metroid-ii-sgb-1x.png
  artifactKey: Guid(54b37de4aa07caa4797254cf2351058f) Importer(815301076,1909f56bfc062723c751e8b465ee728b)
Start importing Assets/AllIn1SpriteShader/Textures/GradientTextures/palette-metroid-ii-sgb-1x.png using Guid(54b37de4aa07caa4797254cf2351058f) Importer(815301076,1909f56bfc062723c751e8b465ee728b)  -> (artifact id: '4d4705b995ca6cb9fe773d62e8919193') in 0.012078 seconds 
========================================================================
Received Import Request.
  Time since last request: 0.199087 seconds.
  path: Assets/AllIn1SpriteShader/Textures/GradientTextures/palette-mist-gb-1x.png
  artifactKey: Guid(359431ef2af87794198688f7c632c1e3) Importer(815301076,1909f56bfc062723c751e8b465ee728b)
Start importing Assets/AllIn1SpriteShader/Textures/GradientTextures/palette-mist-gb-1x.png using Guid(359431ef2af87794198688f7c632c1e3) Importer(815301076,1909f56bfc062723c751e8b465ee728b)  -> (artifact id: '7c65024079218a37ffc3debd06fc436c') in 0.010613 seconds 
========================================================================
Received Import Request.
  Time since last request: 0.000223 seconds.
  path: Assets/AllIn1SpriteShader/Textures/GradientTextures/palette-neapolitan.psd
  artifactKey: Guid(cbb1819678c0e5a4c82464e4b1c0ce1c) Importer(815301076,1909f56bfc062723c751e8b465ee728b)
Start importing Assets/AllIn1SpriteShader/Textures/GradientTextures/palette-neapolitan.psd using Guid(cbb1819678c0e5a4c82464e4b1c0ce1c) Importer(815301076,1909f56bfc062723c751e8b465ee728b)  -> (artifact id: '5c9ff725e1473934e62c0e43e5c2d4a6') in 0.012044 seconds 
========================================================================
Received Import Request.
  Time since last request: 0.016275 seconds.
  path: Assets/AllIn1SpriteShader/Textures/GradientTextures/palette-nintendo-gameboy-bgb-1x.png
  artifactKey: Guid(8700b580d2f74da46b4cbcb5fde72d63) Importer(815301076,1909f56bfc062723c751e8b465ee728b)
Start importing Assets/AllIn1SpriteShader/Textures/GradientTextures/palette-nintendo-gameboy-bgb-1x.png using Guid(8700b580d2f74da46b4cbcb5fde72d63) Importer(815301076,1909f56bfc062723c751e8b465ee728b)  -> (artifact id: '0db899dfb0721ceceae574d6445d1d5e') in 0.009645 seconds 
========================================================================
Received Import Request.
  Time since last request: 0.000364 seconds.
  path: Assets/AllIn1SpriteShader/Textures/GradientTextures/palette-nintendo-gameboy-black-zero-1x.png
  artifactKey: Guid(2a39734b8956da843adee1646c75554f) Importer(815301076,1909f56bfc062723c751e8b465ee728b)
Start importing Assets/AllIn1SpriteShader/Textures/GradientTextures/palette-nintendo-gameboy-black-zero-1x.png using Guid(2a39734b8956da843adee1646c75554f) Importer(815301076,1909f56bfc062723c751e8b465ee728b)  -> (artifact id: '42a4bd9f5d38695270cbb5116e733e73') in 0.008893 seconds 
========================================================================
Received Import Request.
  Time since last request: 0.002506 seconds.
  path: Assets/AllIn1SpriteShader/Textures/GradientTextures/palette-platinum-1x.png
  artifactKey: Guid(6fc6eee88963e63429ed61892dadd042) Importer(815301076,1909f56bfc062723c751e8b465ee728b)
Start importing Assets/AllIn1SpriteShader/Textures/GradientTextures/palette-platinum-1x.png using Guid(6fc6eee88963e63429ed61892dadd042) Importer(815301076,1909f56bfc062723c751e8b465ee728b)  -> (artifact id: '7a7a0a22336e3d11ba59b427f7bc9185') in 0.009275 seconds 
========================================================================
Received Import Request.
  Time since last request: 63.345946 seconds.
  path: Assets/AllIn1SpriteShader/Demo/Textures/splotch.png
  artifactKey: Guid(51caeab4d98b55046a9013cc2da7e427) Importer(815301076,1909f56bfc062723c751e8b465ee728b)
Start importing Assets/AllIn1SpriteShader/Demo/Textures/splotch.png using Guid(51caeab4d98b55046a9013cc2da7e427) Importer(815301076,1909f56bfc062723c751e8b465ee728b)  -> (artifact id: 'ddfc2f8caf67e05bf1685f2bd480ba99') in 0.012415 seconds 
========================================================================
Received Import Request.
  Time since last request: 113.063408 seconds.
  path: Assets/AllIn1SpriteShader/Demo/Textures/Square.png
  artifactKey: Guid(fab06e0be9375cc4d823efa71629885c) Importer(815301076,1909f56bfc062723c751e8b465ee728b)
Start importing Assets/AllIn1SpriteShader/Demo/Textures/Square.png using Guid(fab06e0be9375cc4d823efa71629885c) Importer(815301076,1909f56bfc062723c751e8b465ee728b)  -> (artifact id: 'd687058214d52b4f4a0515126a0dc20d') in 0.015329 seconds 
========================================================================
Received Prepare
Registering precompiled user dll's ...
Registered in 0.005312 seconds.
Begin MonoManager ReloadAssembly
Symbol file LoadedFromMemory doesn't match image C:\Users\w016525k\Documents\GitHub\GameJamTeam14\Project\GamesJamMay\Library\PackageCache\com.unity.visualscripting@1.6.1\Editor\VisualScripting.Core\Dependencies\YamlDotNet\Unity.VisualScripting.YamlDotNet.dll
Symbol file LoadedFromMemory doesn't match image C:\Users\w016525k\Documents\GitHub\GameJamTeam14\Project\GamesJamMay\Library\PackageCache\com.unity.visualscripting@1.6.1\Editor\VisualScripting.Core\Dependencies\DotNetZip\Unity.VisualScripting.IonicZip.dll
Native extension for WindowsStandalone target not found
Native extension for WebGL target not found
Refreshing native plugins compatible for Editor in 0.76 ms, found 3 plugins.
Preloading 0 native plugins for Editor in 0.00 ms.
Mono: successfully reloaded assembly
- Completed reload, in  0.786 seconds
Domain Reload Profiling:
	ReloadAssembly (786ms)
		BeginReloadAssembly (92ms)
			ExecutionOrderSort (0ms)
			DisableScriptedObjects (3ms)
			BackupInstance (0ms)
			ReleaseScriptingObjects (0ms)
			CreateAndSetChildDomain (30ms)
		EndReloadAssembly (656ms)
			LoadAssemblies (62ms)
			RebuildTransferFunctionScriptingTraits (0ms)
			SetupTypeCache (212ms)
			ReleaseScriptCaches (1ms)
			RebuildScriptCaches (27ms)
			SetupLoadedEditorAssemblies (259ms)
				LogAssemblyErrors (0ms)
				InitializePlatformSupportModulesInManaged (4ms)
				SetLoadedEditorAssemblies (0ms)
				RefreshPlugins (1ms)
				BeforeProcessingInitializeOnLoad (36ms)
				ProcessInitializeOnLoadAttributes (212ms)
				ProcessInitializeOnLoadMethodAttributes (3ms)
				AfterProcessingInitializeOnLoad (3ms)
				EditorAssembliesLoaded (0ms)
			ExecutionOrderSort2 (0ms)
			AwakeInstancesAfterBackupRestoration (13ms)
Platform modules already initialized, skipping
Refreshing native plugins compatible for Editor in 0.93 ms, found 3 plugins.
Preloading 0 native plugins for Editor in 0.00 ms.
Unloading 2998 Unused Serialized files (Serialized files now loaded: 0)
System memory in use before: 144.4 MB.
System memory in use after: 144.6 MB.

Unloading 17 unused Assets to reduce memory usage. Loaded Objects now: 4005.
Total: 3.137100 ms (FindLiveObjects: 0.232600 ms CreateObjectMapping: 0.138200 ms MarkObjects: 2.737500 ms  DeleteObjects: 0.027800 ms)

AssetImportParameters requested are different than current active one (requested -> active):
  custom:framework-win-MediaFoundation: 216162199b28c13a410421893ffa2e32 -> 
  custom:video-decoder-ogg-theora: a1e56fd34408186e4bbccfd4996cb3dc -> 
  custom:container-muxer-webm: aa71ff27fc2769a1b78a27578f13a17b -> 
  custom:container-demuxer-webm: 4f35f7cbe854078d1ac9338744f61a02 -> 
  custom:container-demuxer-ogg: 62fdf1f143b41e24485cea50d1cbac27 -> 
  custom:video-encoder-webm-vp8: eb34c28f22e8b96e1ab97ce403110664 -> 
  custom:video-decoder-webm-vp8: 9c59270c3fd7afecdb556c50c9e8de78 -> 
  custom:audio-decoder-ogg-vorbis: bf7c407c2cedff20999df2af8eb42d56 -> 
  custom:audio-encoder-webm-vorbis: bf7c407c2cedff20999df2af8eb42d56 -> 
========================================================================
Received Import Request.
  Time since last request: 493.025732 seconds.
  path: Assets/Menu/Settings.png
  artifactKey: Guid(e8824626695c2e142ba797b174ecda1d) Importer(815301076,1909f56bfc062723c751e8b465ee728b)
Start importing Assets/Menu/Settings.png using Guid(e8824626695c2e142ba797b174ecda1d) Importer(815301076,1909f56bfc062723c751e8b465ee728b)  -> (artifact id: 'd3ac71ff3b22e3819d8156a201792030') in 0.039835 seconds 
========================================================================
Received Import Request.
  Time since last request: 3.968387 seconds.
  path: Assets/Menu/Settings.png
  artifactKey: Guid(e8824626695c2e142ba797b174ecda1d) Importer(815301076,1909f56bfc062723c751e8b465ee728b)
Start importing Assets/Menu/Settings.png using Guid(e8824626695c2e142ba797b174ecda1d) Importer(815301076,1909f56bfc062723c751e8b465ee728b)  -> (artifact id: 'd90637cb6244d0329ef35667ab6e7541') in 0.037842 seconds 
========================================================================
Received Import Request.
  Time since last request: 148.661454 seconds.
  path: Assets/Menu/Exit.png
  artifactKey: Guid(8e96302808b8dfb4d9b492d6cd4d1165) Importer(815301076,1909f56bfc062723c751e8b465ee728b)
Start importing Assets/Menu/Exit.png using Guid(8e96302808b8dfb4d9b492d6cd4d1165) Importer(815301076,1909f56bfc062723c751e8b465ee728b)  -> (artifact id: '96f1d4179ebc22a6940d90ea45b9bed4') in 0.015683 seconds 
========================================================================
Received Import Request.
  Time since last request: 4.463700 seconds.
  path: Assets/Menu/Exit.png
  artifactKey: Guid(8e96302808b8dfb4d9b492d6cd4d1165) Importer(815301076,1909f56bfc062723c751e8b465ee728b)
Start importing Assets/Menu/Exit.png using Guid(8e96302808b8dfb4d9b492d6cd4d1165) Importer(815301076,1909f56bfc062723c751e8b465ee728b)  -> (artifact id: '381adf8f2cbacf47bb81dd01d449c422') in 0.035515 seconds 
========================================================================
Received Prepare
Registering precompiled user dll's ...
Registered in 0.003294 seconds.
Begin MonoManager ReloadAssembly
Symbol file LoadedFromMemory doesn't match image C:\Users\w016525k\Documents\GitHub\GameJamTeam14\Project\GamesJamMay\Library\PackageCache\com.unity.visualscripting@1.6.1\Editor\VisualScripting.Core\Dependencies\YamlDotNet\Unity.VisualScripting.YamlDotNet.dll
Symbol file LoadedFromMemory doesn't match image C:\Users\w016525k\Documents\GitHub\GameJamTeam14\Project\GamesJamMay\Library\PackageCache\com.unity.visualscripting@1.6.1\Editor\VisualScripting.Core\Dependencies\DotNetZip\Unity.VisualScripting.IonicZip.dll
Native extension for WindowsStandalone target not found
Native extension for WebGL target not found
Refreshing native plugins compatible for Editor in 0.70 ms, found 3 plugins.
Preloading 0 native plugins for Editor in 0.00 ms.
Mono: successfully reloaded assembly
- Completed reload, in  0.763 seconds
Domain Reload Profiling:
	ReloadAssembly (763ms)
		BeginReloadAssembly (89ms)
			ExecutionOrderSort (0ms)
			DisableScriptedObjects (6ms)
			BackupInstance (0ms)
			ReleaseScriptingObjects (0ms)
			CreateAndSetChildDomain (29ms)
		EndReloadAssembly (634ms)
			LoadAssemblies (62ms)
			RebuildTransferFunctionScriptingTraits (0ms)
			SetupTypeCache (208ms)
			ReleaseScriptCaches (1ms)
			RebuildScriptCaches (27ms)
			SetupLoadedEditorAssemblies (260ms)
				LogAssemblyErrors (0ms)
				InitializePlatformSupportModulesInManaged (4ms)
				SetLoadedEditorAssemblies (0ms)
				RefreshPlugins (1ms)
				BeforeProcessingInitializeOnLoad (37ms)
				ProcessInitializeOnLoadAttributes (212ms)
				ProcessInitializeOnLoadMethodAttributes (3ms)
				AfterProcessingInitializeOnLoad (3ms)
				EditorAssembliesLoaded (0ms)
			ExecutionOrderSort2 (0ms)
			AwakeInstancesAfterBackupRestoration (12ms)
Platform modules already initialized, skipping
Refreshing native plugins compatible for Editor in 0.59 ms, found 3 plugins.
Preloading 0 native plugins for Editor in 0.00 ms.
Unloading 2968 Unused Serialized files (Serialized files now loaded: 0)
System memory in use before: 144.9 MB.
System memory in use after: 145.1 MB.

Unloading 17 unused Assets to reduce memory usage. Loaded Objects now: 4067.
Total: 2.989700 ms (FindLiveObjects: 0.199300 ms CreateObjectMapping: 0.082500 ms MarkObjects: 2.672900 ms  DeleteObjects: 0.033900 ms)

AssetImportParameters requested are different than current active one (requested -> active):
  custom:framework-win-MediaFoundation: 216162199b28c13a410421893ffa2e32 -> 
  custom:video-decoder-ogg-theora: a1e56fd34408186e4bbccfd4996cb3dc -> 
  custom:container-muxer-webm: aa71ff27fc2769a1b78a27578f13a17b -> 
  custom:container-demuxer-webm: 4f35f7cbe854078d1ac9338744f61a02 -> 
  custom:container-demuxer-ogg: 62fdf1f143b41e24485cea50d1cbac27 -> 
  custom:video-encoder-webm-vp8: eb34c28f22e8b96e1ab97ce403110664 -> 
  custom:video-decoder-webm-vp8: 9c59270c3fd7afecdb556c50c9e8de78 -> 
  custom:audio-decoder-ogg-vorbis: bf7c407c2cedff20999df2af8eb42d56 -> 
  custom:audio-encoder-webm-vorbis: bf7c407c2cedff20999df2af8eb42d56 -> 
========================================================================
Received Import Request.
  Time since last request: 855.202337 seconds.
  path: Assets/Menu/Audio 1.png
  artifactKey: Guid(76cda0d6b06c38946abacb7af1631580) Importer(815301076,1909f56bfc062723c751e8b465ee728b)
Start importing Assets/Menu/Audio 1.png using Guid(76cda0d6b06c38946abacb7af1631580) Importer(815301076,1909f56bfc062723c751e8b465ee728b)  -> (artifact id: '7437f16262b428b8018c77150ac4801e') in 0.042863 seconds 
========================================================================
Received Import Request.
  Time since last request: 0.000157 seconds.
  path: Assets/Menu/AudioMute 1.png
  artifactKey: Guid(0ff1e6a6f7c6d4741bf76892ba0c501a) Importer(815301076,1909f56bfc062723c751e8b465ee728b)
Start importing Assets/Menu/AudioMute 1.png using Guid(0ff1e6a6f7c6d4741bf76892ba0c501a) Importer(815301076,1909f56bfc062723c751e8b465ee728b)  -> (artifact id: 'ba9f4fa505bf41f87b4b9bd5355772e7') in 0.011260 seconds 
========================================================================
Received Import Request.
  Time since last request: 0.000276 seconds.
  path: Assets/Menu/Audio.png
  artifactKey: Guid(424e9f4bc59e20f4bb70516ebe3e2cd8) Importer(815301076,1909f56bfc062723c751e8b465ee728b)
Start importing Assets/Menu/Audio.png using Guid(424e9f4bc59e20f4bb70516ebe3e2cd8) Importer(815301076,1909f56bfc062723c751e8b465ee728b)  -> (artifact id: '3ff1717169f7e2306ef158e2a4b9d759') in 0.009653 seconds 
========================================================================
Received Import Request.
  Time since last request: 0.000230 seconds.
  path: Assets/Menu/AudioMute.png
  artifactKey: Guid(2ad6f5296ddabfb4e9e81afcb5fc8f85) Importer(815301076,1909f56bfc062723c751e8b465ee728b)
Start importing Assets/Menu/AudioMute.png using Guid(2ad6f5296ddabfb4e9e81afcb5fc8f85) Importer(815301076,1909f56bfc062723c751e8b465ee728b)  -> (artifact id: '83aca6decb2be7064918302ca76e0141') in 0.009361 seconds 
========================================================================
Received Import Request.
  Time since last request: 18.784768 seconds.
  path: Assets/Menu/Audio.png
  artifactKey: Guid(424e9f4bc59e20f4bb70516ebe3e2cd8) Importer(815301076,1909f56bfc062723c751e8b465ee728b)
Start importing Assets/Menu/Audio.png using Guid(424e9f4bc59e20f4bb70516ebe3e2cd8) Importer(815301076,1909f56bfc062723c751e8b465ee728b)  -> (artifact id: '2ffc38dd75dc29c13a130759cca7c0da') in 0.039026 seconds 
========================================================================
Received Import Request.
  Time since last request: 0.000300 seconds.
  path: Assets/Menu/AudioMute.png
  artifactKey: Guid(2ad6f5296ddabfb4e9e81afcb5fc8f85) Importer(815301076,1909f56bfc062723c751e8b465ee728b)
Start importing Assets/Menu/AudioMute.png using Guid(2ad6f5296ddabfb4e9e81afcb5fc8f85) Importer(815301076,1909f56bfc062723c751e8b465ee728b)  -> (artifact id: 'ee6ba5a420e1a9d4c9ede9e3081e5683') in 0.015720 seconds 
========================================================================
Received Prepare
Registering precompiled user dll's ...
Registered in 0.003206 seconds.
Begin MonoManager ReloadAssembly
Symbol file LoadedFromMemory doesn't match image C:\Users\w016525k\Documents\GitHub\GameJamTeam14\Project\GamesJamMay\Library\PackageCache\com.unity.visualscripting@1.6.1\Editor\VisualScripting.Core\Dependencies\YamlDotNet\Unity.VisualScripting.YamlDotNet.dll
Symbol file LoadedFromMemory doesn't match image C:\Users\w016525k\Documents\GitHub\GameJamTeam14\Project\GamesJamMay\Library\PackageCache\com.unity.visualscripting@1.6.1\Editor\VisualScripting.Core\Dependencies\DotNetZip\Unity.VisualScripting.IonicZip.dll
Native extension for WindowsStandalone target not found
Native extension for WebGL target not found
Refreshing native plugins compatible for Editor in 0.53 ms, found 3 plugins.
Preloading 0 native plugins for Editor in 0.00 ms.
Mono: successfully reloaded assembly
- Completed reload, in  0.806 seconds
Domain Reload Profiling:
	ReloadAssembly (806ms)
		BeginReloadAssembly (104ms)
			ExecutionOrderSort (0ms)
			DisableScriptedObjects (6ms)
			BackupInstance (0ms)
			ReleaseScriptingObjects (0ms)
			CreateAndSetChildDomain (35ms)
		EndReloadAssembly (655ms)
			LoadAssemblies (65ms)
			RebuildTransferFunctionScriptingTraits (0ms)
			SetupTypeCache (221ms)
			ReleaseScriptCaches (1ms)
			RebuildScriptCaches (28ms)
			SetupLoadedEditorAssemblies (267ms)
				LogAssemblyErrors (0ms)
				InitializePlatformSupportModulesInManaged (4ms)
				SetLoadedEditorAssemblies (0ms)
				RefreshPlugins (1ms)
				BeforeProcessingInitializeOnLoad (36ms)
				ProcessInitializeOnLoadAttributes (220ms)
				ProcessInitializeOnLoadMethodAttributes (3ms)
				AfterProcessingInitializeOnLoad (4ms)
				EditorAssembliesLoaded (0ms)
			ExecutionOrderSort2 (0ms)
			AwakeInstancesAfterBackupRestoration (16ms)
Platform modules already initialized, skipping
Refreshing native plugins compatible for Editor in 0.60 ms, found 3 plugins.
Preloading 0 native plugins for Editor in 0.00 ms.
Unloading 2968 Unused Serialized files (Serialized files now loaded: 0)
System memory in use before: 147.5 MB.
System memory in use after: 147.7 MB.

Unloading 17 unused Assets to reduce memory usage. Loaded Objects now: 4157.
Total: 2.795000 ms (FindLiveObjects: 0.254200 ms CreateObjectMapping: 0.090500 ms MarkObjects: 2.430600 ms  DeleteObjects: 0.018800 ms)

AssetImportParameters requested are different than current active one (requested -> active):
  custom:framework-win-MediaFoundation: 216162199b28c13a410421893ffa2e32 -> 
  custom:video-decoder-ogg-theora: a1e56fd34408186e4bbccfd4996cb3dc -> 
  custom:container-muxer-webm: aa71ff27fc2769a1b78a27578f13a17b -> 
  custom:container-demuxer-webm: 4f35f7cbe854078d1ac9338744f61a02 -> 
  custom:container-demuxer-ogg: 62fdf1f143b41e24485cea50d1cbac27 -> 
  custom:video-encoder-webm-vp8: eb34c28f22e8b96e1ab97ce403110664 -> 
  custom:video-decoder-webm-vp8: 9c59270c3fd7afecdb556c50c9e8de78 -> 
  custom:audio-decoder-ogg-vorbis: bf7c407c2cedff20999df2af8eb42d56 -> 
  custom:audio-encoder-webm-vorbis: bf7c407c2cedff20999df2af8eb42d56 -> 
========================================================================
Received Prepare
Registering precompiled user dll's ...
Registered in 0.003608 seconds.
Begin MonoManager ReloadAssembly
Symbol file LoadedFromMemory doesn't match image C:\Users\w016525k\Documents\GitHub\GameJamTeam14\Project\GamesJamMay\Library\PackageCache\com.unity.visualscripting@1.6.1\Editor\VisualScripting.Core\Dependencies\YamlDotNet\Unity.VisualScripting.YamlDotNet.dll
Symbol file LoadedFromMemory doesn't match image C:\Users\w016525k\Documents\GitHub\GameJamTeam14\Project\GamesJamMay\Library\PackageCache\com.unity.visualscripting@1.6.1\Editor\VisualScripting.Core\Dependencies\DotNetZip\Unity.VisualScripting.IonicZip.dll
Native extension for WindowsStandalone target not found
Native extension for WebGL target not found
Refreshing native plugins compatible for Editor in 0.82 ms, found 3 plugins.
Preloading 0 native plugins for Editor in 0.00 ms.
Mono: successfully reloaded assembly
- Completed reload, in  0.818 seconds
Domain Reload Profiling:
	ReloadAssembly (819ms)
		BeginReloadAssembly (93ms)
			ExecutionOrderSort (0ms)
			DisableScriptedObjects (7ms)
			BackupInstance (0ms)
			ReleaseScriptingObjects (0ms)
			CreateAndSetChildDomain (25ms)
		EndReloadAssembly (678ms)
			LoadAssemblies (63ms)
			RebuildTransferFunctionScriptingTraits (0ms)
			SetupTypeCache (237ms)
			ReleaseScriptCaches (1ms)
			RebuildScriptCaches (26ms)
			SetupLoadedEditorAssemblies (275ms)
				LogAssemblyErrors (0ms)
				InitializePlatformSupportModulesInManaged (4ms)
				SetLoadedEditorAssemblies (0ms)
				RefreshPlugins (1ms)
				BeforeProcessingInitializeOnLoad (41ms)
				ProcessInitializeOnLoadAttributes (222ms)
				ProcessInitializeOnLoadMethodAttributes (3ms)
				AfterProcessingInitializeOnLoad (3ms)
				EditorAssembliesLoaded (0ms)
			ExecutionOrderSort2 (0ms)
			AwakeInstancesAfterBackupRestoration (13ms)
Platform modules already initialized, skipping
Refreshing native plugins compatible for Editor in 0.61 ms, found 3 plugins.
Preloading 0 native plugins for Editor in 0.00 ms.
Unloading 2966 Unused Serialized files (Serialized files now loaded: 0)
System memory in use before: 147.4 MB.
System memory in use after: 147.7 MB.

Unloading 17 unused Assets to reduce memory usage. Loaded Objects now: 4160.
Total: 2.555800 ms (FindLiveObjects: 0.234200 ms CreateObjectMapping: 0.098700 ms MarkObjects: 2.199700 ms  DeleteObjects: 0.021800 ms)

AssetImportParameters requested are different than current active one (requested -> active):
  custom:framework-win-MediaFoundation: 216162199b28c13a410421893ffa2e32 -> 
  custom:video-decoder-ogg-theora: a1e56fd34408186e4bbccfd4996cb3dc -> 
  custom:container-muxer-webm: aa71ff27fc2769a1b78a27578f13a17b -> 
  custom:container-demuxer-webm: 4f35f7cbe854078d1ac9338744f61a02 -> 
  custom:container-demuxer-ogg: 62fdf1f143b41e24485cea50d1cbac27 -> 
  custom:video-encoder-webm-vp8: eb34c28f22e8b96e1ab97ce403110664 -> 
  custom:video-decoder-webm-vp8: 9c59270c3fd7afecdb556c50c9e8de78 -> 
  custom:audio-decoder-ogg-vorbis: bf7c407c2cedff20999df2af8eb42d56 -> 
  custom:audio-encoder-webm-vorbis: bf7c407c2cedff20999df2af8eb42d56 -> 
========================================================================
Received Prepare
Registering precompiled user dll's ...
Registered in 0.002900 seconds.
Begin MonoManager ReloadAssembly
Symbol file LoadedFromMemory doesn't match image C:\Users\w016525k\Documents\GitHub\GameJamTeam14\Project\GamesJamMay\Library\PackageCache\com.unity.visualscripting@1.6.1\Editor\VisualScripting.Core\Dependencies\YamlDotNet\Unity.VisualScripting.YamlDotNet.dll
Symbol file LoadedFromMemory doesn't match image C:\Users\w016525k\Documents\GitHub\GameJamTeam14\Project\GamesJamMay\Library\PackageCache\com.unity.visualscripting@1.6.1\Editor\VisualScripting.Core\Dependencies\DotNetZip\Unity.VisualScripting.IonicZip.dll
Native extension for WindowsStandalone target not found
Native extension for WebGL target not found
Refreshing native plugins compatible for Editor in 0.52 ms, found 3 plugins.
Preloading 0 native plugins for Editor in 0.00 ms.
Mono: successfully reloaded assembly
- Completed reload, in  0.744 seconds
Domain Reload Profiling:
	ReloadAssembly (745ms)
		BeginReloadAssembly (89ms)
			ExecutionOrderSort (0ms)
			DisableScriptedObjects (10ms)
			BackupInstance (0ms)
			ReleaseScriptingObjects (0ms)
			CreateAndSetChildDomain (28ms)
		EndReloadAssembly (616ms)
			LoadAssemblies (61ms)
			RebuildTransferFunctionScriptingTraits (0ms)
			SetupTypeCache (205ms)
			ReleaseScriptCaches (1ms)
			RebuildScriptCaches (24ms)
			SetupLoadedEditorAssemblies (257ms)
				LogAssemblyErrors (0ms)
				InitializePlatformSupportModulesInManaged (4ms)
				SetLoadedEditorAssemblies (0ms)
				RefreshPlugins (1ms)
				BeforeProcessingInitializeOnLoad (36ms)
				ProcessInitializeOnLoadAttributes (210ms)
				ProcessInitializeOnLoadMethodAttributes (3ms)
				AfterProcessingInitializeOnLoad (3ms)
				EditorAssembliesLoaded (0ms)
			ExecutionOrderSort2 (0ms)
			AwakeInstancesAfterBackupRestoration (13ms)
Platform modules already initialized, skipping
Refreshing native plugins compatible for Editor in 0.56 ms, found 3 plugins.
Preloading 0 native plugins for Editor in 0.00 ms.
Unloading 2966 Unused Serialized files (Serialized files now loaded: 0)
System memory in use before: 147.4 MB.
System memory in use after: 147.7 MB.

Unloading 17 unused Assets to reduce memory usage. Loaded Objects now: 4163.
Total: 2.789000 ms (FindLiveObjects: 0.204900 ms CreateObjectMapping: 0.084800 ms MarkObjects: 2.463400 ms  DeleteObjects: 0.035200 ms)

AssetImportParameters requested are different than current active one (requested -> active):
  custom:framework-win-MediaFoundation: 216162199b28c13a410421893ffa2e32 -> 
  custom:video-decoder-ogg-theora: a1e56fd34408186e4bbccfd4996cb3dc -> 
  custom:container-muxer-webm: aa71ff27fc2769a1b78a27578f13a17b -> 
  custom:container-demuxer-webm: 4f35f7cbe854078d1ac9338744f61a02 -> 
  custom:container-demuxer-ogg: 62fdf1f143b41e24485cea50d1cbac27 -> 
  custom:video-encoder-webm-vp8: eb34c28f22e8b96e1ab97ce403110664 -> 
  custom:video-decoder-webm-vp8: 9c59270c3fd7afecdb556c50c9e8de78 -> 
  custom:audio-decoder-ogg-vorbis: bf7c407c2cedff20999df2af8eb42d56 -> 
  custom:audio-encoder-webm-vorbis: bf7c407c2cedff20999df2af8eb42d56 -> 
========================================================================
Received Prepare
Registering precompiled user dll's ...
Registered in 0.004035 seconds.
Begin MonoManager ReloadAssembly
Symbol file LoadedFromMemory doesn't match image C:\Users\w016525k\Documents\GitHub\GameJamTeam14\Project\GamesJamMay\Library\PackageCache\com.unity.visualscripting@1.6.1\Editor\VisualScripting.Core\Dependencies\YamlDotNet\Unity.VisualScripting.YamlDotNet.dll
Symbol file LoadedFromMemory doesn't match image C:\Users\w016525k\Documents\GitHub\GameJamTeam14\Project\GamesJamMay\Library\PackageCache\com.unity.visualscripting@1.6.1\Editor\VisualScripting.Core\Dependencies\DotNetZip\Unity.VisualScripting.IonicZip.dll
Native extension for WindowsStandalone target not found
Native extension for WebGL target not found
Refreshing native plugins compatible for Editor in 0.55 ms, found 3 plugins.
Preloading 0 native plugins for Editor in 0.00 ms.
Mono: successfully reloaded assembly
- Completed reload, in  0.786 seconds
Domain Reload Profiling:
	ReloadAssembly (786ms)
		BeginReloadAssembly (92ms)
			ExecutionOrderSort (0ms)
			DisableScriptedObjects (7ms)
			BackupInstance (0ms)
			ReleaseScriptingObjects (0ms)
			CreateAndSetChildDomain (28ms)
		EndReloadAssembly (653ms)
			LoadAssemblies (66ms)
			RebuildTransferFunctionScriptingTraits (0ms)
			SetupTypeCache (237ms)
			ReleaseScriptCaches (1ms)
			RebuildScriptCaches (26ms)
			SetupLoadedEditorAssemblies (252ms)
				LogAssemblyErrors (0ms)
				InitializePlatformSupportModulesInManaged (4ms)
				SetLoadedEditorAssemblies (0ms)
				RefreshPlugins (1ms)
				BeforeProcessingInitializeOnLoad (35ms)
				ProcessInitializeOnLoadAttributes (206ms)
				ProcessInitializeOnLoadMethodAttributes (2ms)
				AfterProcessingInitializeOnLoad (3ms)
				EditorAssembliesLoaded (0ms)
			ExecutionOrderSort2 (0ms)
			AwakeInstancesAfterBackupRestoration (13ms)
Platform modules already initialized, skipping
Refreshing native plugins compatible for Editor in 0.63 ms, found 3 plugins.
Preloading 0 native plugins for Editor in 0.00 ms.
Unloading 2966 Unused Serialized files (Serialized files now loaded: 0)
System memory in use before: 147.4 MB.
System memory in use after: 147.7 MB.

Unloading 17 unused Assets to reduce memory usage. Loaded Objects now: 4166.
Total: 3.293300 ms (FindLiveObjects: 0.225900 ms CreateObjectMapping: 0.097400 ms MarkObjects: 2.946700 ms  DeleteObjects: 0.022200 ms)

AssetImportParameters requested are different than current active one (requested -> active):
  custom:framework-win-MediaFoundation: 216162199b28c13a410421893ffa2e32 -> 
  custom:video-decoder-ogg-theora: a1e56fd34408186e4bbccfd4996cb3dc -> 
  custom:container-muxer-webm: aa71ff27fc2769a1b78a27578f13a17b -> 
  custom:container-demuxer-webm: 4f35f7cbe854078d1ac9338744f61a02 -> 
  custom:container-demuxer-ogg: 62fdf1f143b41e24485cea50d1cbac27 -> 
  custom:video-encoder-webm-vp8: eb34c28f22e8b96e1ab97ce403110664 -> 
  custom:video-decoder-webm-vp8: 9c59270c3fd7afecdb556c50c9e8de78 -> 
  custom:audio-decoder-ogg-vorbis: bf7c407c2cedff20999df2af8eb42d56 -> 
  custom:audio-encoder-webm-vorbis: bf7c407c2cedff20999df2af8eb42d56 -> 
========================================================================
Received Import Request.
  Time since last request: 704.206284 seconds.
  path: Assets/Menu/FullScreen 1.png
  artifactKey: Guid(a2cf771e7086cfc44af66764daa4289a) Importer(815301076,1909f56bfc062723c751e8b465ee728b)
Start importing Assets/Menu/FullScreen 1.png using Guid(a2cf771e7086cfc44af66764daa4289a) Importer(815301076,1909f56bfc062723c751e8b465ee728b)  -> (artifact id: '960c6804b09c24250577b736926ad372') in 0.037761 seconds 
========================================================================
Received Import Request.
  Time since last request: 0.000160 seconds.
  path: Assets/Menu/FullScreen.png
  artifactKey: Guid(c5e53fbe260adb548b4438529edee894) Importer(815301076,1909f56bfc062723c751e8b465ee728b)
Start importing Assets/Menu/FullScreen.png using Guid(c5e53fbe260adb548b4438529edee894) Importer(815301076,1909f56bfc062723c751e8b465ee728b)  -> (artifact id: 'c399f2d2267fa491b7517a618b0f6ce4') in 0.008487 seconds 
========================================================================
Received Import Request.
  Time since last request: 7.692994 seconds.
  path: Assets/Menu/FullScreen.png
  artifactKey: Guid(c5e53fbe260adb548b4438529edee894) Importer(815301076,1909f56bfc062723c751e8b465ee728b)
Start importing Assets/Menu/FullScreen.png using Guid(c5e53fbe260adb548b4438529edee894) Importer(815301076,1909f56bfc062723c751e8b465ee728b)  -> (artifact id: 'e132e88215e924fa03a22b8c25ffeafc') in 0.028958 seconds 
========================================================================
Received Prepare
Registering precompiled user dll's ...
Registered in 0.003284 seconds.
Begin MonoManager ReloadAssembly
Symbol file LoadedFromMemory doesn't match image C:\Users\w016525k\Documents\GitHub\GameJamTeam14\Project\GamesJamMay\Library\PackageCache\com.unity.visualscripting@1.6.1\Editor\VisualScripting.Core\Dependencies\YamlDotNet\Unity.VisualScripting.YamlDotNet.dll
Symbol file LoadedFromMemory doesn't match image C:\Users\w016525k\Documents\GitHub\GameJamTeam14\Project\GamesJamMay\Library\PackageCache\com.unity.visualscripting@1.6.1\Editor\VisualScripting.Core\Dependencies\DotNetZip\Unity.VisualScripting.IonicZip.dll
Native extension for WindowsStandalone target not found
Native extension for WebGL target not found
Refreshing native plugins compatible for Editor in 0.56 ms, found 3 plugins.
Preloading 0 native plugins for Editor in 0.00 ms.
Mono: successfully reloaded assembly
- Completed reload, in  0.765 seconds
Domain Reload Profiling:
	ReloadAssembly (765ms)
		BeginReloadAssembly (102ms)
			ExecutionOrderSort (0ms)
			DisableScriptedObjects (8ms)
			BackupInstance (0ms)
			ReleaseScriptingObjects (0ms)
			CreateAndSetChildDomain (27ms)
		EndReloadAssembly (625ms)
			LoadAssemblies (62ms)
			RebuildTransferFunctionScriptingTraits (0ms)
			SetupTypeCache (208ms)
			ReleaseScriptCaches (1ms)
			RebuildScriptCaches (26ms)
			SetupLoadedEditorAssemblies (256ms)
				LogAssemblyErrors (0ms)
				InitializePlatformSupportModulesInManaged (4ms)
				SetLoadedEditorAssemblies (0ms)
				RefreshPlugins (1ms)
				BeforeProcessingInitializeOnLoad (37ms)
				ProcessInitializeOnLoadAttributes (206ms)
				ProcessInitializeOnLoadMethodAttributes (4ms)
				AfterProcessingInitializeOnLoad (4ms)
				EditorAssembliesLoaded (0ms)
			ExecutionOrderSort2 (0ms)
			AwakeInstancesAfterBackupRestoration (15ms)
Platform modules already initialized, skipping
Refreshing native plugins compatible for Editor in 0.59 ms, found 3 plugins.
Preloading 0 native plugins for Editor in 0.00 ms.
Unloading 2967 Unused Serialized files (Serialized files now loaded: 0)
System memory in use before: 148.8 MB.
System memory in use after: 149.0 MB.

Unloading 17 unused Assets to reduce memory usage. Loaded Objects now: 4213.
Total: 2.713600 ms (FindLiveObjects: 0.212200 ms CreateObjectMapping: 0.079800 ms MarkObjects: 2.376800 ms  DeleteObjects: 0.043500 ms)

AssetImportParameters requested are different than current active one (requested -> active):
  custom:framework-win-MediaFoundation: 216162199b28c13a410421893ffa2e32 -> 
  custom:video-decoder-ogg-theora: a1e56fd34408186e4bbccfd4996cb3dc -> 
  custom:container-muxer-webm: aa71ff27fc2769a1b78a27578f13a17b -> 
  custom:container-demuxer-webm: 4f35f7cbe854078d1ac9338744f61a02 -> 
  custom:container-demuxer-ogg: 62fdf1f143b41e24485cea50d1cbac27 -> 
  custom:video-encoder-webm-vp8: eb34c28f22e8b96e1ab97ce403110664 -> 
  custom:video-decoder-webm-vp8: 9c59270c3fd7afecdb556c50c9e8de78 -> 
  custom:audio-decoder-ogg-vorbis: bf7c407c2cedff20999df2af8eb42d56 -> 
  custom:audio-encoder-webm-vorbis: bf7c407c2cedff20999df2af8eb42d56 -> 
========================================================================
Received Import Request.
  Time since last request: 75.619803 seconds.
  path: Assets/Menu/H2P.png
  artifactKey: Guid(0a097f2ceb86c29468091af40131d5c7) Importer(815301076,1909f56bfc062723c751e8b465ee728b)
Start importing Assets/Menu/H2P.png using Guid(0a097f2ceb86c29468091af40131d5c7) Importer(815301076,1909f56bfc062723c751e8b465ee728b)  -> (artifact id: 'd1115f5560b17ef71f427fbc89fa439b') in 0.028428 seconds 
========================================================================
Received Import Request.
  Time since last request: 0.000238 seconds.
  path: Assets/Menu/H2P 1.png
  artifactKey: Guid(d0fbc71b8eed4204597e1813f57b8bb6) Importer(815301076,1909f56bfc062723c751e8b465ee728b)
Start importing Assets/Menu/H2P 1.png using Guid(d0fbc71b8eed4204597e1813f57b8bb6) Importer(815301076,1909f56bfc062723c751e8b465ee728b)  -> (artifact id: 'ad262bb2e5535b012258282bcf80c138') in 0.011736 seconds 
========================================================================
Received Import Request.
  Time since last request: 5.171578 seconds.
  path: Assets/Menu/H2P.png
  artifactKey: Guid(0a097f2ceb86c29468091af40131d5c7) Importer(815301076,1909f56bfc062723c751e8b465ee728b)
Start importing Assets/Menu/H2P.png using Guid(0a097f2ceb86c29468091af40131d5c7) Importer(815301076,1909f56bfc062723c751e8b465ee728b)  -> (artifact id: 'b92086e44dc39326fb61ec85c2f5030a') in 0.033725 seconds 
========================================================================
Received Import Request.
  Time since last request: 116.210338 seconds.
  path: Assets/Menu/Info 1.png
  artifactKey: Guid(e1ba0302126c86b43a22f67bd63556a3) Importer(815301076,1909f56bfc062723c751e8b465ee728b)
Start importing Assets/Menu/Info 1.png using Guid(e1ba0302126c86b43a22f67bd63556a3) Importer(815301076,1909f56bfc062723c751e8b465ee728b)  -> (artifact id: '37f13af54d48e72dbe18c11eb2f8838b') in 0.011169 seconds 
========================================================================
Received Import Request.
  Time since last request: 0.000231 seconds.
  path: Assets/Menu/Info.png
  artifactKey: Guid(0f61feefbd588014688ad76ed91151cf) Importer(815301076,1909f56bfc062723c751e8b465ee728b)
Start importing Assets/Menu/Info.png using Guid(0f61feefbd588014688ad76ed91151cf) Importer(815301076,1909f56bfc062723c751e8b465ee728b)  -> (artifact id: 'a1089f82c700a14edfbf26e2c5b3e688') in 0.012251 seconds 
========================================================================
Received Import Request.
  Time since last request: 6.613934 seconds.
  path: Assets/Menu/Info.png
  artifactKey: Guid(0f61feefbd588014688ad76ed91151cf) Importer(815301076,1909f56bfc062723c751e8b465ee728b)
Start importing Assets/Menu/Info.png using Guid(0f61feefbd588014688ad76ed91151cf) Importer(815301076,1909f56bfc062723c751e8b465ee728b)  -> (artifact id: 'e252ae189484c7dee91279c196963ae2') in 0.012450 seconds 
========================================================================
Received Prepare
Registering precompiled user dll's ...
Registered in 0.003580 seconds.
Begin MonoManager ReloadAssembly
Symbol file LoadedFromMemory doesn't match image C:\Users\w016525k\Documents\GitHub\GameJamTeam14\Project\GamesJamMay\Library\PackageCache\com.unity.visualscripting@1.6.1\Editor\VisualScripting.Core\Dependencies\YamlDotNet\Unity.VisualScripting.YamlDotNet.dll
Symbol file LoadedFromMemory doesn't match image C:\Users\w016525k\Documents\GitHub\GameJamTeam14\Project\GamesJamMay\Library\PackageCache\com.unity.visualscripting@1.6.1\Editor\VisualScripting.Core\Dependencies\DotNetZip\Unity.VisualScripting.IonicZip.dll
Native extension for WindowsStandalone target not found
Native extension for WebGL target not found
Refreshing native plugins compatible for Editor in 0.52 ms, found 3 plugins.
Preloading 0 native plugins for Editor in 0.00 ms.
Mono: successfully reloaded assembly
- Completed reload, in  0.829 seconds
Domain Reload Profiling:
	ReloadAssembly (829ms)
		BeginReloadAssembly (103ms)
			ExecutionOrderSort (0ms)
			DisableScriptedObjects (6ms)
			BackupInstance (0ms)
			ReleaseScriptingObjects (0ms)
			CreateAndSetChildDomain (31ms)
		EndReloadAssembly (683ms)
			LoadAssemblies (67ms)
			RebuildTransferFunctionScriptingTraits (0ms)
			SetupTypeCache (250ms)
			ReleaseScriptCaches (1ms)
			RebuildScriptCaches (28ms)
			SetupLoadedEditorAssemblies (264ms)
				LogAssemblyErrors (0ms)
				InitializePlatformSupportModulesInManaged (4ms)
				SetLoadedEditorAssemblies (0ms)
				RefreshPlugins (1ms)
				BeforeProcessingInitializeOnLoad (35ms)
				ProcessInitializeOnLoadAttributes (219ms)
				ProcessInitializeOnLoadMethodAttributes (3ms)
				AfterProcessingInitializeOnLoad (3ms)
				EditorAssembliesLoaded (0ms)
			ExecutionOrderSort2 (0ms)
			AwakeInstancesAfterBackupRestoration (15ms)
Platform modules already initialized, skipping
Refreshing native plugins compatible for Editor in 0.65 ms, found 3 plugins.
Preloading 0 native plugins for Editor in 0.00 ms.
Unloading 2968 Unused Serialized files (Serialized files now loaded: 0)
System memory in use before: 151.4 MB.
System memory in use after: 151.6 MB.

Unloading 17 unused Assets to reduce memory usage. Loaded Objects now: 4303.
Total: 2.524100 ms (FindLiveObjects: 0.216600 ms CreateObjectMapping: 0.084700 ms MarkObjects: 2.196400 ms  DeleteObjects: 0.025100 ms)

AssetImportParameters requested are different than current active one (requested -> active):
  custom:framework-win-MediaFoundation: 216162199b28c13a410421893ffa2e32 -> 
  custom:video-decoder-ogg-theora: a1e56fd34408186e4bbccfd4996cb3dc -> 
  custom:container-muxer-webm: aa71ff27fc2769a1b78a27578f13a17b -> 
  custom:container-demuxer-webm: 4f35f7cbe854078d1ac9338744f61a02 -> 
  custom:container-demuxer-ogg: 62fdf1f143b41e24485cea50d1cbac27 -> 
  custom:video-encoder-webm-vp8: eb34c28f22e8b96e1ab97ce403110664 -> 
  custom:video-decoder-webm-vp8: 9c59270c3fd7afecdb556c50c9e8de78 -> 
  custom:audio-decoder-ogg-vorbis: bf7c407c2cedff20999df2af8eb42d56 -> 
  custom:audio-encoder-webm-vorbis: bf7c407c2cedff20999df2af8eb42d56 -> 
========================================================================
Received Prepare
Registering precompiled user dll's ...
Registered in 0.003269 seconds.
Begin MonoManager ReloadAssembly
Symbol file LoadedFromMemory doesn't match image C:\Users\w016525k\Documents\GitHub\GameJamTeam14\Project\GamesJamMay\Library\PackageCache\com.unity.visualscripting@1.6.1\Editor\VisualScripting.Core\Dependencies\YamlDotNet\Unity.VisualScripting.YamlDotNet.dll
Symbol file LoadedFromMemory doesn't match image C:\Users\w016525k\Documents\GitHub\GameJamTeam14\Project\GamesJamMay\Library\PackageCache\com.unity.visualscripting@1.6.1\Editor\VisualScripting.Core\Dependencies\DotNetZip\Unity.VisualScripting.IonicZip.dll
Native extension for WindowsStandalone target not found
Native extension for WebGL target not found
Refreshing native plugins compatible for Editor in 0.57 ms, found 3 plugins.
Preloading 0 native plugins for Editor in 0.00 ms.
Mono: successfully reloaded assembly
- Completed reload, in  0.815 seconds
Domain Reload Profiling:
	ReloadAssembly (815ms)
		BeginReloadAssembly (100ms)
			ExecutionOrderSort (0ms)
			DisableScriptedObjects (8ms)
			BackupInstance (0ms)
			ReleaseScriptingObjects (0ms)
			CreateAndSetChildDomain (26ms)
		EndReloadAssembly (643ms)
			LoadAssemblies (66ms)
			RebuildTransferFunctionScriptingTraits (0ms)
			SetupTypeCache (221ms)
			ReleaseScriptCaches (1ms)
			RebuildScriptCaches (27ms)
			SetupLoadedEditorAssemblies (262ms)
				LogAssemblyErrors (0ms)
				InitializePlatformSupportModulesInManaged (4ms)
				SetLoadedEditorAssemblies (0ms)
				RefreshPlugins (1ms)
				BeforeProcessingInitializeOnLoad (41ms)
				ProcessInitializeOnLoadAttributes (209ms)
				ProcessInitializeOnLoadMethodAttributes (3ms)
				AfterProcessingInitializeOnLoad (4ms)
				EditorAssembliesLoaded (0ms)
			ExecutionOrderSort2 (0ms)
			AwakeInstancesAfterBackupRestoration (14ms)
Platform modules already initialized, skipping
Refreshing native plugins compatible for Editor in 0.59 ms, found 3 plugins.
Preloading 0 native plugins for Editor in 0.00 ms.
Unloading 2966 Unused Serialized files (Serialized files now loaded: 0)
System memory in use before: 151.3 MB.
System memory in use after: 151.6 MB.

Unloading 17 unused Assets to reduce memory usage. Loaded Objects now: 4306.
Total: 2.520200 ms (FindLiveObjects: 0.219400 ms CreateObjectMapping: 0.089900 ms MarkObjects: 2.185100 ms  DeleteObjects: 0.025000 ms)

AssetImportParameters requested are different than current active one (requested -> active):
  custom:framework-win-MediaFoundation: 216162199b28c13a410421893ffa2e32 -> 
  custom:video-decoder-ogg-theora: a1e56fd34408186e4bbccfd4996cb3dc -> 
  custom:container-muxer-webm: aa71ff27fc2769a1b78a27578f13a17b -> 
  custom:container-demuxer-webm: 4f35f7cbe854078d1ac9338744f61a02 -> 
  custom:container-demuxer-ogg: 62fdf1f143b41e24485cea50d1cbac27 -> 
  custom:video-encoder-webm-vp8: eb34c28f22e8b96e1ab97ce403110664 -> 
  custom:video-decoder-webm-vp8: 9c59270c3fd7afecdb556c50c9e8de78 -> 
  custom:audio-decoder-ogg-vorbis: bf7c407c2cedff20999df2af8eb42d56 -> 
  custom:audio-encoder-webm-vorbis: bf7c407c2cedff20999df2af8eb42d56 -> 
========================================================================
Received Prepare
Registering precompiled user dll's ...
Registered in 0.003950 seconds.
Begin MonoManager ReloadAssembly
Symbol file LoadedFromMemory doesn't match image C:\Users\w016525k\Documents\GitHub\GameJamTeam14\Project\GamesJamMay\Library\PackageCache\com.unity.visualscripting@1.6.1\Editor\VisualScripting.Core\Dependencies\YamlDotNet\Unity.VisualScripting.YamlDotNet.dll
Symbol file LoadedFromMemory doesn't match image C:\Users\w016525k\Documents\GitHub\GameJamTeam14\Project\GamesJamMay\Library\PackageCache\com.unity.visualscripting@1.6.1\Editor\VisualScripting.Core\Dependencies\DotNetZip\Unity.VisualScripting.IonicZip.dll
Native extension for WindowsStandalone target not found
Native extension for WebGL target not found
Refreshing native plugins compatible for Editor in 0.52 ms, found 3 plugins.
Preloading 0 native plugins for Editor in 0.00 ms.
Mono: successfully reloaded assembly
- Completed reload, in  0.783 seconds
Domain Reload Profiling:
	ReloadAssembly (783ms)
		BeginReloadAssembly (96ms)
			ExecutionOrderSort (0ms)
			DisableScriptedObjects (8ms)
			BackupInstance (0ms)
			ReleaseScriptingObjects (0ms)
			CreateAndSetChildDomain (30ms)
		EndReloadAssembly (646ms)
			LoadAssemblies (64ms)
			RebuildTransferFunctionScriptingTraits (0ms)
			SetupTypeCache (214ms)
			ReleaseScriptCaches (1ms)
			RebuildScriptCaches (29ms)
			SetupLoadedEditorAssemblies (269ms)
				LogAssemblyErrors (0ms)
				InitializePlatformSupportModulesInManaged (4ms)
				SetLoadedEditorAssemblies (0ms)
				RefreshPlugins (1ms)
				BeforeProcessingInitializeOnLoad (38ms)
				ProcessInitializeOnLoadAttributes (221ms)
				ProcessInitializeOnLoadMethodAttributes (3ms)
				AfterProcessingInitializeOnLoad (3ms)
				EditorAssembliesLoaded (0ms)
			ExecutionOrderSort2 (0ms)
			AwakeInstancesAfterBackupRestoration (13ms)
Platform modules already initialized, skipping
Refreshing native plugins compatible for Editor in 0.61 ms, found 3 plugins.
Preloading 0 native plugins for Editor in 0.00 ms.
Unloading 2966 Unused Serialized files (Serialized files now loaded: 0)
System memory in use before: 151.3 MB.
System memory in use after: 151.6 MB.

Unloading 17 unused Assets to reduce memory usage. Loaded Objects now: 4309.
Total: 2.707800 ms (FindLiveObjects: 0.214500 ms CreateObjectMapping: 0.086200 ms MarkObjects: 2.361700 ms  DeleteObjects: 0.044800 ms)

AssetImportParameters requested are different than current active one (requested -> active):
  custom:framework-win-MediaFoundation: 216162199b28c13a410421893ffa2e32 -> 
  custom:video-decoder-ogg-theora: a1e56fd34408186e4bbccfd4996cb3dc -> 
  custom:container-muxer-webm: aa71ff27fc2769a1b78a27578f13a17b -> 
  custom:container-demuxer-webm: 4f35f7cbe854078d1ac9338744f61a02 -> 
  custom:container-demuxer-ogg: 62fdf1f143b41e24485cea50d1cbac27 -> 
  custom:video-encoder-webm-vp8: eb34c28f22e8b96e1ab97ce403110664 -> 
  custom:video-decoder-webm-vp8: 9c59270c3fd7afecdb556c50c9e8de78 -> 
  custom:audio-decoder-ogg-vorbis: bf7c407c2cedff20999df2af8eb42d56 -> 
  custom:audio-encoder-webm-vorbis: bf7c407c2cedff20999df2af8eb42d56 -> 
========================================================================
Received Prepare
Registering precompiled user dll's ...
Registered in 0.002950 seconds.
Begin MonoManager ReloadAssembly
Symbol file LoadedFromMemory doesn't match image C:\Users\w016525k\Documents\GitHub\GameJamTeam14\Project\GamesJamMay\Library\PackageCache\com.unity.visualscripting@1.6.1\Editor\VisualScripting.Core\Dependencies\YamlDotNet\Unity.VisualScripting.YamlDotNet.dll
Symbol file LoadedFromMemory doesn't match image C:\Users\w016525k\Documents\GitHub\GameJamTeam14\Project\GamesJamMay\Library\PackageCache\com.unity.visualscripting@1.6.1\Editor\VisualScripting.Core\Dependencies\DotNetZip\Unity.VisualScripting.IonicZip.dll
Native extension for WindowsStandalone target not found
Native extension for WebGL target not found
Refreshing native plugins compatible for Editor in 0.56 ms, found 3 plugins.
Preloading 0 native plugins for Editor in 0.00 ms.
Mono: successfully reloaded assembly
- Completed reload, in  0.768 seconds
Domain Reload Profiling:
	ReloadAssembly (768ms)
		BeginReloadAssembly (107ms)
			ExecutionOrderSort (0ms)
			DisableScriptedObjects (8ms)
			BackupInstance (0ms)
			ReleaseScriptingObjects (0ms)
			CreateAndSetChildDomain (27ms)
		EndReloadAssembly (623ms)
			LoadAssemblies (60ms)
			RebuildTransferFunctionScriptingTraits (0ms)
			SetupTypeCache (204ms)
			ReleaseScriptCaches (1ms)
			RebuildScriptCaches (25ms)
			SetupLoadedEditorAssemblies (254ms)
				LogAssemblyErrors (0ms)
				InitializePlatformSupportModulesInManaged (4ms)
				SetLoadedEditorAssemblies (0ms)
				RefreshPlugins (1ms)
				BeforeProcessingInitializeOnLoad (33ms)
				ProcessInitializeOnLoadAttributes (210ms)
				ProcessInitializeOnLoadMethodAttributes (3ms)
				AfterProcessingInitializeOnLoad (3ms)
				EditorAssembliesLoaded (0ms)
			ExecutionOrderSort2 (0ms)
			AwakeInstancesAfterBackupRestoration (13ms)
Platform modules already initialized, skipping
Refreshing native plugins compatible for Editor in 0.57 ms, found 3 plugins.
Preloading 0 native plugins for Editor in 0.00 ms.
Unloading 2966 Unused Serialized files (Serialized files now loaded: 0)
System memory in use before: 151.3 MB.
System memory in use after: 151.6 MB.

Unloading 17 unused Assets to reduce memory usage. Loaded Objects now: 4312.
Total: 3.703100 ms (FindLiveObjects: 0.365500 ms CreateObjectMapping: 0.123800 ms MarkObjects: 3.191000 ms  DeleteObjects: 0.021300 ms)

AssetImportParameters requested are different than current active one (requested -> active):
  custom:framework-win-MediaFoundation: 216162199b28c13a410421893ffa2e32 -> 
  custom:video-decoder-ogg-theora: a1e56fd34408186e4bbccfd4996cb3dc -> 
  custom:container-muxer-webm: aa71ff27fc2769a1b78a27578f13a17b -> 
  custom:container-demuxer-webm: 4f35f7cbe854078d1ac9338744f61a02 -> 
  custom:container-demuxer-ogg: 62fdf1f143b41e24485cea50d1cbac27 -> 
  custom:video-encoder-webm-vp8: eb34c28f22e8b96e1ab97ce403110664 -> 
  custom:video-decoder-webm-vp8: 9c59270c3fd7afecdb556c50c9e8de78 -> 
  custom:audio-decoder-ogg-vorbis: bf7c407c2cedff20999df2af8eb42d56 -> 
  custom:audio-encoder-webm-vorbis: bf7c407c2cedff20999df2af8eb42d56 -> 
========================================================================
Received Import Request.
  Time since last request: 435.057183 seconds.
  path: Assets/Menu/H2PSteps 1.png
  artifactKey: Guid(d4ab954d9e543b94a946b93f8f2520f6) Importer(815301076,1909f56bfc062723c751e8b465ee728b)
Start importing Assets/Menu/H2PSteps 1.png using Guid(d4ab954d9e543b94a946b93f8f2520f6) Importer(815301076,1909f56bfc062723c751e8b465ee728b)  -> (artifact id: 'ee153b80a17361ee22ced6f432974f4a') in 0.039299 seconds 
========================================================================
Received Import Request.
  Time since last request: 0.000271 seconds.
  path: Assets/Menu/H2PSteps.png
  artifactKey: Guid(a4f1d734e992d5847988b8409aa947b5) Importer(815301076,1909f56bfc062723c751e8b465ee728b)
Start importing Assets/Menu/H2PSteps.png using Guid(a4f1d734e992d5847988b8409aa947b5) Importer(815301076,1909f56bfc062723c751e8b465ee728b)  -> (artifact id: 'bd8097f7bda75cfd2344fa9fde287ef2') in 0.012509 seconds 
========================================================================
Received Import Request.
  Time since last request: 7.093883 seconds.
  path: Assets/Menu/H2PSteps.png
  artifactKey: Guid(a4f1d734e992d5847988b8409aa947b5) Importer(815301076,1909f56bfc062723c751e8b465ee728b)
Start importing Assets/Menu/H2PSteps.png using Guid(a4f1d734e992d5847988b8409aa947b5) Importer(815301076,1909f56bfc062723c751e8b465ee728b)  -> (artifact id: 'fc7332c45b79ac46462d2572ebc95456') in 0.041105 seconds 
========================================================================
Received Import Request.
  Time since last request: 38.768789 seconds.
  path: Assets/AllIn1SpriteShader/Materials/StartButton.mat
  artifactKey: Guid(85f081cb8e00a40488bd18c4959bc5da) Importer(815301076,1909f56bfc062723c751e8b465ee728b)
Start importing Assets/AllIn1SpriteShader/Materials/StartButton.mat using Guid(85f081cb8e00a40488bd18c4959bc5da) Importer(815301076,1909f56bfc062723c751e8b465ee728b)  -> (artifact id: '1936a5908f55850621f74c7b155ffd8c') in 0.026659 seconds 
========================================================================
Received Prepare
Registering precompiled user dll's ...
Registered in 0.003363 seconds.
Begin MonoManager ReloadAssembly
Symbol file LoadedFromMemory doesn't match image C:\Users\w016525k\Documents\GitHub\GameJamTeam14\Project\GamesJamMay\Library\PackageCache\com.unity.visualscripting@1.6.1\Editor\VisualScripting.Core\Dependencies\YamlDotNet\Unity.VisualScripting.YamlDotNet.dll
Symbol file LoadedFromMemory doesn't match image C:\Users\w016525k\Documents\GitHub\GameJamTeam14\Project\GamesJamMay\Library\PackageCache\com.unity.visualscripting@1.6.1\Editor\VisualScripting.Core\Dependencies\DotNetZip\Unity.VisualScripting.IonicZip.dll
Native extension for WindowsStandalone target not found
Native extension for WebGL target not found
Refreshing native plugins compatible for Editor in 0.69 ms, found 3 plugins.
Preloading 0 native plugins for Editor in 0.00 ms.
Mono: successfully reloaded assembly
- Completed reload, in  0.825 seconds
Domain Reload Profiling:
	ReloadAssembly (825ms)
		BeginReloadAssembly (90ms)
			ExecutionOrderSort (0ms)
			DisableScriptedObjects (6ms)
			BackupInstance (0ms)
			ReleaseScriptingObjects (0ms)
			CreateAndSetChildDomain (26ms)
		EndReloadAssembly (695ms)
			LoadAssemblies (60ms)
			RebuildTransferFunctionScriptingTraits (0ms)
			SetupTypeCache (225ms)
			ReleaseScriptCaches (1ms)
			RebuildScriptCaches (29ms)
			SetupLoadedEditorAssemblies (303ms)
				LogAssemblyErrors (0ms)
				InitializePlatformSupportModulesInManaged (5ms)
				SetLoadedEditorAssemblies (0ms)
				RefreshPlugins (1ms)
				BeforeProcessingInitializeOnLoad (36ms)
				ProcessInitializeOnLoadAttributes (252ms)
				ProcessInitializeOnLoadMethodAttributes (5ms)
				AfterProcessingInitializeOnLoad (3ms)
				EditorAssembliesLoaded (0ms)
			ExecutionOrderSort2 (0ms)
			AwakeInstancesAfterBackupRestoration (15ms)
Platform modules already initialized, skipping
Refreshing native plugins compatible for Editor in 0.62 ms, found 3 plugins.
Preloading 0 native plugins for Editor in 0.00 ms.
Unloading 2967 Unused Serialized files (Serialized files now loaded: 0)
System memory in use before: 154.6 MB.
System memory in use after: 154.8 MB.

Unloading 17 unused Assets to reduce memory usage. Loaded Objects now: 4361.
Total: 2.703700 ms (FindLiveObjects: 0.214900 ms CreateObjectMapping: 0.083900 ms MarkObjects: 2.382100 ms  DeleteObjects: 0.022100 ms)

AssetImportParameters requested are different than current active one (requested -> active):
  custom:framework-win-MediaFoundation: 216162199b28c13a410421893ffa2e32 -> 
  custom:video-decoder-ogg-theora: a1e56fd34408186e4bbccfd4996cb3dc -> 
  custom:container-muxer-webm: aa71ff27fc2769a1b78a27578f13a17b -> 
  custom:container-demuxer-webm: 4f35f7cbe854078d1ac9338744f61a02 -> 
  custom:container-demuxer-ogg: 62fdf1f143b41e24485cea50d1cbac27 -> 
  custom:video-encoder-webm-vp8: eb34c28f22e8b96e1ab97ce403110664 -> 
  custom:video-decoder-webm-vp8: 9c59270c3fd7afecdb556c50c9e8de78 -> 
  custom:audio-decoder-ogg-vorbis: bf7c407c2cedff20999df2af8eb42d56 -> 
  custom:audio-encoder-webm-vorbis: bf7c407c2cedff20999df2af8eb42d56 -> 
========================================================================
Received Import Request.
  Time since last request: 158.257664 seconds.
  path: Assets/AllIn1SpriteShader/Materials/StartButton - Copy.mat
  artifactKey: Guid(e20ca135ede286a4c8175a0c55edb75f) Importer(815301076,1909f56bfc062723c751e8b465ee728b)
Start importing Assets/AllIn1SpriteShader/Materials/StartButton - Copy.mat using Guid(e20ca135ede286a4c8175a0c55edb75f) Importer(815301076,1909f56bfc062723c751e8b465ee728b)  -> (artifact id: 'a429813bd230adc15b9ce945473df584') in 0.056297 seconds 
AssetImportWorkerClient::OnTransportError - code=2 error=End of file
